23-Oct-2022 18:51:53.935 INFO [main] org.apache.catalina.core.ApplicationContext.log ContextListener: contextInitialized()
23-Oct-2022 18:51:53.936 INFO [main] org.apache.catalina.core.ApplicationContext.log SessionListener: contextInitialized()
23-Oct-2022 18:51:53.947 INFO [main] org.apache.catalina.core.ApplicationContext.log ContextListener: attributeAdded('StockTicker', 'async.Stockticker@4ae33a11')
23-Oct-2022 19:11:20.894 INFO [main] org.apache.catalina.core.ApplicationContext.log SessionListener: contextDestroyed()
23-Oct-2022 19:11:20.895 INFO [main] org.apache.catalina.core.ApplicationContext.log ContextListener: contextDestroyed()
23-Oct-2022 19:11:34.655 INFO [main] org.apache.catalina.core.ApplicationContext.log ContextListener: contextInitialized()
23-Oct-2022 19:11:34.655 INFO [main] org.apache.catalina.core.ApplicationContext.log SessionListener: contextInitialized()
23-Oct-2022 19:11:34.664 INFO [main] org.apache.catalina.core.ApplicationContext.log ContextListener: attributeAdded('StockTicker', 'async.Stockticker@b40bb6e')
23-Oct-2022 19:12:33.466 INFO [main] org.apache.catalina.core.ApplicationContext.log SessionListener: contextDestroyed()
23-Oct-2022 19:12:33.466 INFO [main] org.apache.catalina.core.ApplicationContext.log ContextListener: contextDestroyed()
23-Oct-2022 19:12:50.054 INFO [main] org.apache.catalina.core.ApplicationContext.log ContextListener: contextInitialized()
23-Oct-2022 19:12:50.055 INFO [main] org.apache.catalina.core.ApplicationContext.log SessionListener: contextInitialized()
23-Oct-2022 19:12:50.064 INFO [main] org.apache.catalina.core.ApplicationContext.log ContextListener: attributeAdded('StockTicker', 'async.Stockticker@3a94964')
23-Oct-2022 19:13:31.377 INFO [main] org.apache.catalina.core.ApplicationContext.log SessionListener: contextDestroyed()
23-Oct-2022 19:13:31.380 INFO [main] org.apache.catalina.core.ApplicationContext.log ContextListener: contextDestroyed()
23-Oct-2022 19:13:45.250 INFO [main] org.apache.catalina.core.ApplicationContext.log ContextListener: contextInitialized()
23-Oct-2022 19:13:45.252 INFO [main] org.apache.catalina.core.ApplicationContext.log SessionListener: contextInitialized()
23-Oct-2022 19:13:45.273 INFO [main] org.apache.catalina.core.ApplicationContext.log ContextListener: attributeAdded('StockTicker', 'async.Stockticker@5049d8b2')
23-Oct-2022 19:14:09.071 INFO [main] org.apache.catalina.core.ApplicationContext.log SessionListener: contextDestroyed()
23-Oct-2022 19:14:09.072 INFO [main] org.apache.catalina.core.ApplicationContext.log ContextListener: contextDestroyed()
23-Oct-2022 19:19:44.755 INFO [main] org.apache.catalina.core.ApplicationContext.log ContextListener: contextInitialized()
23-Oct-2022 19:19:44.755 INFO [main] org.apache.catalina.core.ApplicationContext.log SessionListener: contextInitialized()
23-Oct-2022 19:19:44.755 INFO [main] org.apache.catalina.core.ApplicationContext.log ContextListener: attributeAdded('StockTicker', 'async.Stockticker@63648ee9')
23-Oct-2022 19:20:49.939 INFO [main] org.apache.catalina.core.ApplicationContext.log SessionListener: contextDestroyed()
23-Oct-2022 19:20:49.939 INFO [main] org.apache.catalina.core.ApplicationContext.log ContextListener: contextDestroyed()
23-Oct-2022 19:44:12.823 INFO [main] org.apache.catalina.core.ApplicationContext.log ContextListener: contextInitialized()
23-Oct-2022 19:44:12.824 INFO [main] org.apache.catalina.core.ApplicationContext.log SessionListener: contextInitialized()
23-Oct-2022 19:44:12.836 INFO [main] org.apache.catalina.core.ApplicationContext.log ContextListener: attributeAdded('StockTicker', 'async.Stockticker@741b3bc3')
23-Oct-2022 22:04:42.388 INFO [main] org.apache.catalina.core.ApplicationContext.log SessionListener: contextDestroyed()
23-Oct-2022 22:04:42.388 INFO [main] org.apache.catalina.core.ApplicationContext.log ContextListener: contextDestroyed()
23-Oct-2022 22:26:08.545 INFO [main] org.apache.catalina.core.ApplicationContext.log ContextListener: contextInitialized()
23-Oct-2022 22:26:08.545 INFO [main] org.apache.catalina.core.ApplicationContext.log SessionListener: contextInitialized()
23-Oct-2022 22:26:08.552 INFO [main] org.apache.catalina.core.ApplicationContext.log ContextListener: attributeAdded('StockTicker', 'async.Stockticker@3efe7086')
