23-Oct-2022 00:01:15.767 INFO [main] org.apache.catalina.core.StandardServer.await Se ha recibido un comando de apagado a través del puerto de apagado. Parando la instancia del Servidor.
23-Oct-2022 00:01:15.772 INFO [main] org.apache.coyote.AbstractProtocol.pause Pausing ProtocolHandler ["http-nio-8080"]
23-Oct-2022 00:01:15.821 INFO [main] org.apache.catalina.core.StandardService.stopInternal Parando servicio [Catalina]
23-Oct-2022 00:01:15.935 INFO [main] org.apache.coyote.AbstractProtocol.stop Stopping ProtocolHandler ["http-nio-8080"]
23-Oct-2022 00:01:15.949 INFO [main] org.apache.coyote.AbstractProtocol.destroy Destroying ProtocolHandler ["http-nio-8080"]
23-Oct-2022 01:07:24.104 INFO [main] org.apache.catalina.startup.VersionLoggerListener.log Nombre de la versión del servidor: Apache Tomcat/8.5.82
23-Oct-2022 01:07:24.129 INFO [main] org.apache.catalina.startup.VersionLoggerListener.log Server built:                      Aug 8 2022 21:26:07 UTC
23-Oct-2022 01:07:24.130 INFO [main] org.apache.catalina.startup.VersionLoggerListener.log Número de versión de servidor:     8.5.82.0
23-Oct-2022 01:07:24.131 INFO [main] org.apache.catalina.startup.VersionLoggerListener.log OS Name:                           Windows 10
23-Oct-2022 01:07:24.132 INFO [main] org.apache.catalina.startup.VersionLoggerListener.log Versión de Systema Operativo:      10.0
23-Oct-2022 01:07:24.134 INFO [main] org.apache.catalina.startup.VersionLoggerListener.log Arquitectura:                      amd64
23-Oct-2022 01:07:24.135 INFO [main] org.apache.catalina.startup.VersionLoggerListener.log Java Home:                         E:\Program Files\Java\jdk-18.0.2.1
23-Oct-2022 01:07:24.136 INFO [main] org.apache.catalina.startup.VersionLoggerListener.log JVM Version:                       18.0.2.1+1-1
23-Oct-2022 01:07:24.138 INFO [main] org.apache.catalina.startup.VersionLoggerListener.log Vededor JVM:                       Oracle Corporation
23-Oct-2022 01:07:24.139 INFO [main] org.apache.catalina.startup.VersionLoggerListener.log CATALINA_BASE:                     C:\Users\ramon\OneDrive\Documentos\Repositorio Local\myfistrepo\myportfolio\Backend\apache-tomcat-8.5.82
23-Oct-2022 01:07:24.140 INFO [main] org.apache.catalina.startup.VersionLoggerListener.log CATALINA_HOME:                     C:\Users\ramon\OneDrive\Documentos\Repositorio Local\myfistrepo\myportfolio\Backend\apache-tomcat-8.5.82
23-Oct-2022 01:07:24.148 INFO [main] org.apache.catalina.startup.VersionLoggerListener.log Command line argument:             --add-opens=java.base/java.lang=ALL-UNNAMED
23-Oct-2022 01:07:24.149 INFO [main] org.apache.catalina.startup.VersionLoggerListener.log Command line argument:             --add-opens=java.base/java.io=ALL-UNNAMED
23-Oct-2022 01:07:24.151 INFO [main] org.apache.catalina.startup.VersionLoggerListener.log Command line argument:             --add-opens=java.base/java.util=ALL-UNNAMED
23-Oct-2022 01:07:24.153 INFO [main] org.apache.catalina.startup.VersionLoggerListener.log Command line argument:             --add-opens=java.base/java.util.concurrent=ALL-UNNAMED
23-Oct-2022 01:07:24.154 INFO [main] org.apache.catalina.startup.VersionLoggerListener.log Command line argument:             --add-opens=java.rmi/sun.rmi.transport=ALL-UNNAMED
23-Oct-2022 01:07:24.158 INFO [main] org.apache.catalina.startup.VersionLoggerListener.log Command line argument:             -Djava.util.logging.config.file=C:\Users\ramon\OneDrive\Documentos\Repositorio Local\myfistrepo\myportfolio\Backend\apache-tomcat-8.5.82\conf\logging.properties
23-Oct-2022 01:07:24.159 INFO [main] org.apache.catalina.startup.VersionLoggerListener.log Command line argument:             -Djava.util.logging.manager=org.apache.juli.ClassLoaderLogManager
23-Oct-2022 01:07:24.160 INFO [main] org.apache.catalina.startup.VersionLoggerListener.log Command line argument:             -Dhttp.nonProxyHosts=localhost|127.0.0.1|DESKTOP-EKSQ0KS
23-Oct-2022 01:07:24.162 INFO [main] org.apache.catalina.startup.VersionLoggerListener.log Command line argument:             -Djdk.tls.ephemeralDHKeySize=2048
23-Oct-2022 01:07:24.163 INFO [main] org.apache.catalina.startup.VersionLoggerListener.log Command line argument:             -Djava.protocol.handler.pkgs=org.apache.catalina.webresources
23-Oct-2022 01:07:24.164 INFO [main] org.apache.catalina.startup.VersionLoggerListener.log Command line argument:             -Dignore.endorsed.dirs=
23-Oct-2022 01:07:24.165 INFO [main] org.apache.catalina.startup.VersionLoggerListener.log Command line argument:             -Dcatalina.base=C:\Users\ramon\OneDrive\Documentos\Repositorio Local\myfistrepo\myportfolio\Backend\apache-tomcat-8.5.82
23-Oct-2022 01:07:24.167 INFO [main] org.apache.catalina.startup.VersionLoggerListener.log Command line argument:             -Dcatalina.home=C:\Users\ramon\OneDrive\Documentos\Repositorio Local\myfistrepo\myportfolio\Backend\apache-tomcat-8.5.82
23-Oct-2022 01:07:24.222 INFO [main] org.apache.catalina.startup.VersionLoggerListener.log Command line argument:             -Djava.io.tmpdir=C:\Users\ramon\OneDrive\Documentos\Repositorio Local\myfistrepo\myportfolio\Backend\apache-tomcat-8.5.82\temp
23-Oct-2022 01:07:24.223 INFO [main] org.apache.catalina.core.AprLifecycleListener.lifecycleEvent Cargada la biblioteca nativa APR de Apache Tomcat [1.2.35] con la versión APR [1.7.0].
23-Oct-2022 01:07:24.224 INFO [main] org.apache.catalina.core.AprLifecycleListener.lifecycleEvent Capacidades APR: IPv6 [true], enviar fichero [true], aceptar filtros [false], aleatorio [true], UDS [{4}].
23-Oct-2022 01:07:24.225 INFO [main] org.apache.catalina.core.AprLifecycleListener.lifecycleEvent APR/OpenSSL configuration: useAprConnector [false], useOpenSSL [true]
23-Oct-2022 01:07:24.293 INFO [main] org.apache.catalina.core.AprLifecycleListener.initializeSSL OpenSSL inicializado correctamente [OpenSSL 1.1.1q  5 Jul 2022]
23-Oct-2022 01:07:24.783 INFO [main] org.apache.coyote.AbstractProtocol.init Inicializando el manejador de protocolo ["http-nio-8080"]

23-Oct-2022 01:07:25.036 INFO [main] org.apache.catalina.startup.Catalina.load Initialization processed in 4984 ms
23-Oct-2022 01:07:25.654 INFO [main] org.apache.catalina.core.StandardService.startInternal Arrancando servicio [Catalina]
23-Oct-2022 01:07:25.655 INFO [main] org.apache.catalina.core.StandardEngine.startInternal Starting Servlet engine: [Apache Tomcat/8.5.82]
23-Oct-2022 01:07:25.740 INFO [localhost-startStop-1] org.apache.catalina.startup.HostConfig.deployDirectory Desplegando el directorio [C:\Users\ramon\OneDrive\Documentos\Repositorio Local\myfistrepo\myportfolio\Backend\apache-tomcat-8.5.82\webapps\docs] de la aplicación web
23-Oct-2022 01:07:27.451 INFO [localhost-startStop-1] org.apache.jasper.servlet.TldScanner.scanJars Al menos un JAR, que se ha explorado buscando TLDs, aún no contenía TLDs. Activar historial de depuración para este historiador para una completa lista de los JARs que fueron explorados y de los que nos se halló TLDs. Saltarse JARs no necesarios durante la exploración puede dar lugar a una mejora de tiempo significativa en el arranque y compilación de JSP .
23-Oct-2022 01:07:27.797 WARNING [localhost-startStop-1] org.apache.catalina.util.SessionIdGeneratorBase.createSecureRandom Creation of SecureRandom instance for session ID generation using [SHA1PRNG] took [221] milliseconds.
23-Oct-2022 01:07:27.902 INFO [localhost-startStop-1] org.apache.catalina.startup.HostConfig.deployDirectory Deployment of web application directory [C:\Users\ramon\OneDrive\Documentos\Repositorio Local\myfistrepo\myportfolio\Backend\apache-tomcat-8.5.82\webapps\docs] has finished in [2.162] ms
23-Oct-2022 01:07:27.904 INFO [localhost-startStop-1] org.apache.catalina.startup.HostConfig.deployDirectory Desplegando el directorio [C:\Users\ramon\OneDrive\Documentos\Repositorio Local\myfistrepo\myportfolio\Backend\apache-tomcat-8.5.82\webapps\examples] de la aplicación web
23-Oct-2022 01:07:29.936 INFO [localhost-startStop-1] org.apache.jasper.servlet.TldScanner.scanJars Al menos un JAR, que se ha explorado buscando TLDs, aún no contenía TLDs. Activar historial de depuración para este historiador para una completa lista de los JARs que fueron explorados y de los que nos se halló TLDs. Saltarse JARs no necesarios durante la exploración puede dar lugar a una mejora de tiempo significativa en el arranque y compilación de JSP .
23-Oct-2022 01:07:30.227 INFO [localhost-startStop-1] org.apache.catalina.startup.HostConfig.deployDirectory Deployment of web application directory [C:\Users\ramon\OneDrive\Documentos\Repositorio Local\myfistrepo\myportfolio\Backend\apache-tomcat-8.5.82\webapps\examples] has finished in [2.322] ms
23-Oct-2022 01:07:30.228 INFO [localhost-startStop-1] org.apache.catalina.startup.HostConfig.deployDirectory Desplegando el directorio [C:\Users\ramon\OneDrive\Documentos\Repositorio Local\myfistrepo\myportfolio\Backend\apache-tomcat-8.5.82\webapps\host-manager] de la aplicación web
23-Oct-2022 01:07:30.723 INFO [localhost-startStop-1] org.apache.jasper.servlet.TldScanner.scanJars Al menos un JAR, que se ha explorado buscando TLDs, aún no contenía TLDs. Activar historial de depuración para este historiador para una completa lista de los JARs que fueron explorados y de los que nos se halló TLDs. Saltarse JARs no necesarios durante la exploración puede dar lugar a una mejora de tiempo significativa en el arranque y compilación de JSP .
23-Oct-2022 01:07:30.770 INFO [localhost-startStop-1] org.apache.catalina.startup.HostConfig.deployDirectory Deployment of web application directory [C:\Users\ramon\OneDrive\Documentos\Repositorio Local\myfistrepo\myportfolio\Backend\apache-tomcat-8.5.82\webapps\host-manager] has finished in [541] ms
23-Oct-2022 01:07:30.771 INFO [localhost-startStop-1] org.apache.catalina.startup.HostConfig.deployDirectory Desplegando el directorio [C:\Users\ramon\OneDrive\Documentos\Repositorio Local\myfistrepo\myportfolio\Backend\apache-tomcat-8.5.82\webapps\manager] de la aplicación web
23-Oct-2022 01:07:31.223 INFO [localhost-startStop-1] org.apache.jasper.servlet.TldScanner.scanJars Al menos un JAR, que se ha explorado buscando TLDs, aún no contenía TLDs. Activar historial de depuración para este historiador para una completa lista de los JARs que fueron explorados y de los que nos se halló TLDs. Saltarse JARs no necesarios durante la exploración puede dar lugar a una mejora de tiempo significativa en el arranque y compilación de JSP .
23-Oct-2022 01:07:31.235 INFO [localhost-startStop-1] org.apache.catalina.startup.HostConfig.deployDirectory Deployment of web application directory [C:\Users\ramon\OneDrive\Documentos\Repositorio Local\myfistrepo\myportfolio\Backend\apache-tomcat-8.5.82\webapps\manager] has finished in [464] ms
23-Oct-2022 01:07:31.236 INFO [localhost-startStop-1] org.apache.catalina.startup.HostConfig.deployDirectory Desplegando el directorio [C:\Users\ramon\OneDrive\Documentos\Repositorio Local\myfistrepo\myportfolio\Backend\apache-tomcat-8.5.82\webapps\ROOT] de la aplicación web
23-Oct-2022 01:07:31.511 INFO [localhost-startStop-1] org.apache.jasper.servlet.TldScanner.scanJars Al menos un JAR, que se ha explorado buscando TLDs, aún no contenía TLDs. Activar historial de depuración para este historiador para una completa lista de los JARs que fueron explorados y de los que nos se halló TLDs. Saltarse JARs no necesarios durante la exploración puede dar lugar a una mejora de tiempo significativa en el arranque y compilación de JSP .
23-Oct-2022 01:07:31.523 INFO [localhost-startStop-1] org.apache.catalina.startup.HostConfig.deployDirectory Deployment of web application directory [C:\Users\ramon\OneDrive\Documentos\Repositorio Local\myfistrepo\myportfolio\Backend\apache-tomcat-8.5.82\webapps\ROOT] has finished in [287] ms
23-Oct-2022 01:07:31.532 INFO [main] org.apache.coyote.AbstractProtocol.start Starting ProtocolHandler ["http-nio-8080"]
23-Oct-2022 01:07:31.813 INFO [main] org.apache.catalina.startup.Catalina.start Server startup in 6769 ms
23-Oct-2022 01:07:39.832 WARNING [http-nio-8080-exec-5] org.apache.catalina.realm.LockOutRealm.filterLockedAccounts Se ha intentado autenticar al usuario bloqueado [root]
23-Oct-2022 01:08:03.944 WARNING [http-nio-8080-exec-7] org.apache.catalina.realm.LockOutRealm.filterLockedAccounts Se ha intentado autenticar al usuario bloqueado [root]
23-Oct-2022 01:08:04.151 WARNING [http-nio-8080-exec-9] org.apache.catalina.realm.LockOutRealm.filterLockedAccounts Se ha intentado autenticar al usuario bloqueado [root]
23-Oct-2022 01:09:48.852 WARNING [http-nio-8080-exec-9] org.apache.catalina.realm.LockOutRealm.filterLockedAccounts Se ha intentado autenticar al usuario bloqueado [admin]
23-Oct-2022 01:09:49.031 WARNING [http-nio-8080-exec-3] org.apache.catalina.realm.LockOutRealm.filterLockedAccounts Se ha intentado autenticar al usuario bloqueado [admin]
23-Oct-2022 01:09:49.341 WARNING [http-nio-8080-exec-2] org.apache.catalina.realm.LockOutRealm.filterLockedAccounts Se ha intentado autenticar al usuario bloqueado [admin]
23-Oct-2022 01:09:49.632 WARNING [http-nio-8080-exec-4] org.apache.catalina.realm.LockOutRealm.filterLockedAccounts Se ha intentado autenticar al usuario bloqueado [admin]
23-Oct-2022 01:09:49.812 WARNING [http-nio-8080-exec-8] org.apache.catalina.realm.LockOutRealm.filterLockedAccounts Se ha intentado autenticar al usuario bloqueado [admin]
23-Oct-2022 01:09:50.122 WARNING [http-nio-8080-exec-9] org.apache.catalina.realm.LockOutRealm.filterLockedAccounts Se ha intentado autenticar al usuario bloqueado [admin]
23-Oct-2022 01:09:50.459 WARNING [http-nio-8080-exec-3] org.apache.catalina.realm.LockOutRealm.filterLockedAccounts Se ha intentado autenticar al usuario bloqueado [admin]
23-Oct-2022 01:10:01.297 INFO [main] org.apache.catalina.core.StandardServer.await Se ha recibido un comando de apagado a través del puerto de apagado. Parando la instancia del Servidor.
23-Oct-2022 01:10:01.299 INFO [main] org.apache.coyote.AbstractProtocol.pause Pausing ProtocolHandler ["http-nio-8080"]
23-Oct-2022 01:10:01.373 INFO [main] org.apache.catalina.core.StandardService.stopInternal Parando servicio [Catalina]
23-Oct-2022 01:10:01.558 INFO [main] org.apache.coyote.AbstractProtocol.stop Stopping ProtocolHandler ["http-nio-8080"]
23-Oct-2022 01:10:01.576 INFO [main] org.apache.coyote.AbstractProtocol.destroy Destroying ProtocolHandler ["http-nio-8080"]
23-Oct-2022 01:10:14.627 INFO [main] org.apache.catalina.startup.VersionLoggerListener.log Nombre de la versión del servidor: Apache Tomcat/8.5.82
23-Oct-2022 01:10:14.635 INFO [main] org.apache.catalina.startup.VersionLoggerListener.log Server built:                      Aug 8 2022 21:26:07 UTC
23-Oct-2022 01:10:14.636 INFO [main] org.apache.catalina.startup.VersionLoggerListener.log Número de versión de servidor:     8.5.82.0
23-Oct-2022 01:10:14.636 INFO [main] org.apache.catalina.startup.VersionLoggerListener.log OS Name:                           Windows 10
23-Oct-2022 01:10:14.637 INFO [main] org.apache.catalina.startup.VersionLoggerListener.log Versión de Systema Operativo:      10.0
23-Oct-2022 01:10:14.637 INFO [main] org.apache.catalina.startup.VersionLoggerListener.log Arquitectura:                      amd64
23-Oct-2022 01:10:14.638 INFO [main] org.apache.catalina.startup.VersionLoggerListener.log Java Home:                         E:\Program Files\Java\jdk-18.0.2.1
23-Oct-2022 01:10:14.638 INFO [main] org.apache.catalina.startup.VersionLoggerListener.log JVM Version:                       18.0.2.1+1-1
23-Oct-2022 01:10:14.639 INFO [main] org.apache.catalina.startup.VersionLoggerListener.log Vededor JVM:                       Oracle Corporation
23-Oct-2022 01:10:14.639 INFO [main] org.apache.catalina.startup.VersionLoggerListener.log CATALINA_BASE:                     C:\Users\ramon\OneDrive\Documentos\Repositorio Local\myfistrepo\myportfolio\Backend\apache-tomcat-8.5.82
23-Oct-2022 01:10:14.640 INFO [main] org.apache.catalina.startup.VersionLoggerListener.log CATALINA_HOME:                     C:\Users\ramon\OneDrive\Documentos\Repositorio Local\myfistrepo\myportfolio\Backend\apache-tomcat-8.5.82
23-Oct-2022 01:10:14.642 INFO [main] org.apache.catalina.startup.VersionLoggerListener.log Command line argument:             --add-opens=java.base/java.lang=ALL-UNNAMED
23-Oct-2022 01:10:14.643 INFO [main] org.apache.catalina.startup.VersionLoggerListener.log Command line argument:             --add-opens=java.base/java.io=ALL-UNNAMED
23-Oct-2022 01:10:14.643 INFO [main] org.apache.catalina.startup.VersionLoggerListener.log Command line argument:             --add-opens=java.base/java.util=ALL-UNNAMED
23-Oct-2022 01:10:14.644 INFO [main] org.apache.catalina.startup.VersionLoggerListener.log Command line argument:             --add-opens=java.base/java.util.concurrent=ALL-UNNAMED
23-Oct-2022 01:10:14.644 INFO [main] org.apache.catalina.startup.VersionLoggerListener.log Command line argument:             --add-opens=java.rmi/sun.rmi.transport=ALL-UNNAMED
23-Oct-2022 01:10:14.645 INFO [main] org.apache.catalina.startup.VersionLoggerListener.log Command line argument:             -Djava.util.logging.config.file=C:\Users\ramon\OneDrive\Documentos\Repositorio Local\myfistrepo\myportfolio\Backend\apache-tomcat-8.5.82\conf\logging.properties
23-Oct-2022 01:10:14.646 INFO [main] org.apache.catalina.startup.VersionLoggerListener.log Command line argument:             -Djava.util.logging.manager=org.apache.juli.ClassLoaderLogManager
23-Oct-2022 01:10:14.646 INFO [main] org.apache.catalina.startup.VersionLoggerListener.log Command line argument:             -Dhttp.nonProxyHosts=localhost|127.0.0.1|DESKTOP-EKSQ0KS
23-Oct-2022 01:10:14.647 INFO [main] org.apache.catalina.startup.VersionLoggerListener.log Command line argument:             -Djdk.tls.ephemeralDHKeySize=2048
23-Oct-2022 01:10:14.647 INFO [main] org.apache.catalina.startup.VersionLoggerListener.log Command line argument:             -Djava.protocol.handler.pkgs=org.apache.catalina.webresources
23-Oct-2022 01:10:14.648 INFO [main] org.apache.catalina.startup.VersionLoggerListener.log Command line argument:             -Dignore.endorsed.dirs=
23-Oct-2022 01:10:14.648 INFO [main] org.apache.catalina.startup.VersionLoggerListener.log Command line argument:             -Dcatalina.base=C:\Users\ramon\OneDrive\Documentos\Repositorio Local\myfistrepo\myportfolio\Backend\apache-tomcat-8.5.82
23-Oct-2022 01:10:14.649 INFO [main] org.apache.catalina.startup.VersionLoggerListener.log Command line argument:             -Dcatalina.home=C:\Users\ramon\OneDrive\Documentos\Repositorio Local\myfistrepo\myportfolio\Backend\apache-tomcat-8.5.82
23-Oct-2022 01:10:14.686 INFO [main] org.apache.catalina.startup.VersionLoggerListener.log Command line argument:             -Djava.io.tmpdir=C:\Users\ramon\OneDrive\Documentos\Repositorio Local\myfistrepo\myportfolio\Backend\apache-tomcat-8.5.82\temp
23-Oct-2022 01:10:14.686 INFO [main] org.apache.catalina.core.AprLifecycleListener.lifecycleEvent Cargada la biblioteca nativa APR de Apache Tomcat [1.2.35] con la versión APR [1.7.0].
23-Oct-2022 01:10:14.687 INFO [main] org.apache.catalina.core.AprLifecycleListener.lifecycleEvent Capacidades APR: IPv6 [true], enviar fichero [true], aceptar filtros [false], aleatorio [true], UDS [{4}].
23-Oct-2022 01:10:14.687 INFO [main] org.apache.catalina.core.AprLifecycleListener.lifecycleEvent APR/OpenSSL configuration: useAprConnector [false], useOpenSSL [true]
23-Oct-2022 01:10:14.697 INFO [main] org.apache.catalina.core.AprLifecycleListener.initializeSSL OpenSSL inicializado correctamente [OpenSSL 1.1.1q  5 Jul 2022]
23-Oct-2022 01:10:14.867 INFO [main] org.apache.coyote.AbstractProtocol.init Inicializando el manejador de protocolo ["http-nio-8080"]

23-Oct-2022 01:10:14.967 INFO [main] org.apache.catalina.startup.Catalina.load Initialization processed in 2095 ms
23-Oct-2022 01:10:15.145 INFO [main] org.apache.catalina.core.StandardService.startInternal Arrancando servicio [Catalina]
23-Oct-2022 01:10:15.146 INFO [main] org.apache.catalina.core.StandardEngine.startInternal Starting Servlet engine: [Apache Tomcat/8.5.82]
23-Oct-2022 01:10:15.183 INFO [localhost-startStop-1] org.apache.catalina.startup.HostConfig.deployDirectory Desplegando el directorio [C:\Users\ramon\OneDrive\Documentos\Repositorio Local\myfistrepo\myportfolio\Backend\apache-tomcat-8.5.82\webapps\docs] de la aplicación web
23-Oct-2022 01:10:17.580 INFO [localhost-startStop-1] org.apache.jasper.servlet.TldScanner.scanJars Al menos un JAR, que se ha explorado buscando TLDs, aún no contenía TLDs. Activar historial de depuración para este historiador para una completa lista de los JARs que fueron explorados y de los que nos se halló TLDs. Saltarse JARs no necesarios durante la exploración puede dar lugar a una mejora de tiempo significativa en el arranque y compilación de JSP .
23-Oct-2022 01:10:18.143 WARNING [localhost-startStop-1] org.apache.catalina.util.SessionIdGeneratorBase.createSecureRandom Creation of SecureRandom instance for session ID generation using [SHA1PRNG] took [378] milliseconds.
23-Oct-2022 01:10:18.230 INFO [localhost-startStop-1] org.apache.catalina.startup.HostConfig.deployDirectory Deployment of web application directory [C:\Users\ramon\OneDrive\Documentos\Repositorio Local\myfistrepo\myportfolio\Backend\apache-tomcat-8.5.82\webapps\docs] has finished in [3.048] ms
23-Oct-2022 01:10:18.231 INFO [localhost-startStop-1] org.apache.catalina.startup.HostConfig.deployDirectory Desplegando el directorio [C:\Users\ramon\OneDrive\Documentos\Repositorio Local\myfistrepo\myportfolio\Backend\apache-tomcat-8.5.82\webapps\examples] de la aplicación web
23-Oct-2022 01:10:19.849 INFO [localhost-startStop-1] org.apache.jasper.servlet.TldScanner.scanJars Al menos un JAR, que se ha explorado buscando TLDs, aún no contenía TLDs. Activar historial de depuración para este historiador para una completa lista de los JARs que fueron explorados y de los que nos se halló TLDs. Saltarse JARs no necesarios durante la exploración puede dar lugar a una mejora de tiempo significativa en el arranque y compilación de JSP .
23-Oct-2022 01:10:20.138 INFO [localhost-startStop-1] org.apache.catalina.startup.HostConfig.deployDirectory Deployment of web application directory [C:\Users\ramon\OneDrive\Documentos\Repositorio Local\myfistrepo\myportfolio\Backend\apache-tomcat-8.5.82\webapps\examples] has finished in [1.906] ms
23-Oct-2022 01:10:20.139 INFO [localhost-startStop-1] org.apache.catalina.startup.HostConfig.deployDirectory Desplegando el directorio [C:\Users\ramon\OneDrive\Documentos\Repositorio Local\myfistrepo\myportfolio\Backend\apache-tomcat-8.5.82\webapps\host-manager] de la aplicación web
23-Oct-2022 01:10:20.535 INFO [localhost-startStop-1] org.apache.jasper.servlet.TldScanner.scanJars Al menos un JAR, que se ha explorado buscando TLDs, aún no contenía TLDs. Activar historial de depuración para este historiador para una completa lista de los JARs que fueron explorados y de los que nos se halló TLDs. Saltarse JARs no necesarios durante la exploración puede dar lugar a una mejora de tiempo significativa en el arranque y compilación de JSP .
23-Oct-2022 01:10:20.562 INFO [localhost-startStop-1] org.apache.catalina.startup.HostConfig.deployDirectory Deployment of web application directory [C:\Users\ramon\OneDrive\Documentos\Repositorio Local\myfistrepo\myportfolio\Backend\apache-tomcat-8.5.82\webapps\host-manager] has finished in [423] ms
23-Oct-2022 01:10:20.562 INFO [localhost-startStop-1] org.apache.catalina.startup.HostConfig.deployDirectory Desplegando el directorio [C:\Users\ramon\OneDrive\Documentos\Repositorio Local\myfistrepo\myportfolio\Backend\apache-tomcat-8.5.82\webapps\manager] de la aplicación web
23-Oct-2022 01:10:20.977 INFO [localhost-startStop-1] org.apache.jasper.servlet.TldScanner.scanJars Al menos un JAR, que se ha explorado buscando TLDs, aún no contenía TLDs. Activar historial de depuración para este historiador para una completa lista de los JARs que fueron explorados y de los que nos se halló TLDs. Saltarse JARs no necesarios durante la exploración puede dar lugar a una mejora de tiempo significativa en el arranque y compilación de JSP .
23-Oct-2022 01:10:20.990 INFO [localhost-startStop-1] org.apache.catalina.startup.HostConfig.deployDirectory Deployment of web application directory [C:\Users\ramon\OneDrive\Documentos\Repositorio Local\myfistrepo\myportfolio\Backend\apache-tomcat-8.5.82\webapps\manager] has finished in [427] ms
23-Oct-2022 01:10:20.991 INFO [localhost-startStop-1] org.apache.catalina.startup.HostConfig.deployDirectory Desplegando el directorio [C:\Users\ramon\OneDrive\Documentos\Repositorio Local\myfistrepo\myportfolio\Backend\apache-tomcat-8.5.82\webapps\ROOT] de la aplicación web
23-Oct-2022 01:10:21.322 INFO [localhost-startStop-1] org.apache.jasper.servlet.TldScanner.scanJars Al menos un JAR, que se ha explorado buscando TLDs, aún no contenía TLDs. Activar historial de depuración para este historiador para una completa lista de los JARs que fueron explorados y de los que nos se halló TLDs. Saltarse JARs no necesarios durante la exploración puede dar lugar a una mejora de tiempo significativa en el arranque y compilación de JSP .
23-Oct-2022 01:10:21.336 INFO [localhost-startStop-1] org.apache.catalina.startup.HostConfig.deployDirectory Deployment of web application directory [C:\Users\ramon\OneDrive\Documentos\Repositorio Local\myfistrepo\myportfolio\Backend\apache-tomcat-8.5.82\webapps\ROOT] has finished in [345] ms
23-Oct-2022 01:10:21.343 INFO [main] org.apache.coyote.AbstractProtocol.start Starting ProtocolHandler ["http-nio-8080"]
23-Oct-2022 01:10:21.615 INFO [main] org.apache.catalina.startup.Catalina.start Server startup in 6654 ms
23-Oct-2022 01:10:35.884 WARNING [http-nio-8080-exec-6] org.apache.catalina.realm.LockOutRealm.filterLockedAccounts Se ha intentado autenticar al usuario bloqueado [admin]
23-Oct-2022 01:10:36.052 WARNING [http-nio-8080-exec-4] org.apache.catalina.realm.LockOutRealm.filterLockedAccounts Se ha intentado autenticar al usuario bloqueado [admin]
23-Oct-2022 01:10:36.265 WARNING [http-nio-8080-exec-8] org.apache.catalina.realm.LockOutRealm.filterLockedAccounts Se ha intentado autenticar al usuario bloqueado [admin]
23-Oct-2022 01:10:36.630 WARNING [http-nio-8080-exec-10] org.apache.catalina.realm.LockOutRealm.filterLockedAccounts Se ha intentado autenticar al usuario bloqueado [admin]
23-Oct-2022 01:10:45.107 WARNING [http-nio-8080-exec-3] org.apache.catalina.realm.LockOutRealm.filterLockedAccounts Se ha intentado autenticar al usuario bloqueado [admin]
23-Oct-2022 01:10:45.539 WARNING [http-nio-8080-exec-5] org.apache.catalina.realm.LockOutRealm.filterLockedAccounts Se ha intentado autenticar al usuario bloqueado [admin]
23-Oct-2022 01:10:45.939 WARNING [http-nio-8080-exec-7] org.apache.catalina.realm.LockOutRealm.filterLockedAccounts Se ha intentado autenticar al usuario bloqueado [admin]
23-Oct-2022 01:10:46.229 WARNING [http-nio-8080-exec-9] org.apache.catalina.realm.LockOutRealm.filterLockedAccounts Se ha intentado autenticar al usuario bloqueado [admin]
23-Oct-2022 01:10:46.472 WARNING [http-nio-8080-exec-1] org.apache.catalina.realm.LockOutRealm.filterLockedAccounts Se ha intentado autenticar al usuario bloqueado [admin]
23-Oct-2022 01:10:46.699 WARNING [http-nio-8080-exec-3] org.apache.catalina.realm.LockOutRealm.filterLockedAccounts Se ha intentado autenticar al usuario bloqueado [admin]
23-Oct-2022 01:10:46.905 WARNING [http-nio-8080-exec-5] org.apache.catalina.realm.LockOutRealm.filterLockedAccounts Se ha intentado autenticar al usuario bloqueado [admin]
23-Oct-2022 01:10:47.086 WARNING [http-nio-8080-exec-7] org.apache.catalina.realm.LockOutRealm.filterLockedAccounts Se ha intentado autenticar al usuario bloqueado [admin]
23-Oct-2022 01:10:47.399 WARNING [http-nio-8080-exec-9] org.apache.catalina.realm.LockOutRealm.filterLockedAccounts Se ha intentado autenticar al usuario bloqueado [admin]
23-Oct-2022 01:10:47.611 WARNING [http-nio-8080-exec-1] org.apache.catalina.realm.LockOutRealm.filterLockedAccounts Se ha intentado autenticar al usuario bloqueado [admin]
23-Oct-2022 01:10:47.850 WARNING [http-nio-8080-exec-3] org.apache.catalina.realm.LockOutRealm.filterLockedAccounts Se ha intentado autenticar al usuario bloqueado [admin]
23-Oct-2022 01:10:48.458 WARNING [http-nio-8080-exec-8] org.apache.catalina.realm.LockOutRealm.filterLockedAccounts Se ha intentado autenticar al usuario bloqueado [admin]
23-Oct-2022 01:10:48.675 WARNING [http-nio-8080-exec-10] org.apache.catalina.realm.LockOutRealm.filterLockedAccounts Se ha intentado autenticar al usuario bloqueado [admin]
23-Oct-2022 01:10:48.866 WARNING [http-nio-8080-exec-2] org.apache.catalina.realm.LockOutRealm.filterLockedAccounts Se ha intentado autenticar al usuario bloqueado [admin]
23-Oct-2022 01:11:09.707 WARNING [http-nio-8080-exec-4] org.apache.catalina.realm.LockOutRealm.filterLockedAccounts Se ha intentado autenticar al usuario bloqueado [admin]
23-Oct-2022 01:11:10.563 WARNING [http-nio-8080-exec-8] org.apache.catalina.realm.LockOutRealm.filterLockedAccounts Se ha intentado autenticar al usuario bloqueado [admin]
23-Oct-2022 01:11:10.761 WARNING [http-nio-8080-exec-10] org.apache.catalina.realm.LockOutRealm.filterLockedAccounts Se ha intentado autenticar al usuario bloqueado [admin]
23-Oct-2022 01:11:10.962 WARNING [http-nio-8080-exec-2] org.apache.catalina.realm.LockOutRealm.filterLockedAccounts Se ha intentado autenticar al usuario bloqueado [admin]
23-Oct-2022 01:11:12.641 WARNING [http-nio-8080-exec-6] org.apache.catalina.realm.LockOutRealm.filterLockedAccounts Se ha intentado autenticar al usuario bloqueado [admin]
23-Oct-2022 01:11:15.736 INFO [main] org.apache.catalina.core.StandardServer.await Se ha recibido un comando de apagado a través del puerto de apagado. Parando la instancia del Servidor.
23-Oct-2022 01:11:15.737 INFO [main] org.apache.coyote.AbstractProtocol.pause Pausing ProtocolHandler ["http-nio-8080"]
23-Oct-2022 01:11:15.780 INFO [main] org.apache.catalina.core.StandardService.stopInternal Parando servicio [Catalina]
23-Oct-2022 01:11:15.861 INFO [main] org.apache.coyote.AbstractProtocol.stop Stopping ProtocolHandler ["http-nio-8080"]
23-Oct-2022 01:11:15.881 INFO [main] org.apache.coyote.AbstractProtocol.destroy Destroying ProtocolHandler ["http-nio-8080"]
23-Oct-2022 01:11:31.452 INFO [main] org.apache.catalina.startup.VersionLoggerListener.log Nombre de la versión del servidor: Apache Tomcat/8.5.82
23-Oct-2022 01:11:31.461 INFO [main] org.apache.catalina.startup.VersionLoggerListener.log Server built:                      Aug 8 2022 21:26:07 UTC
23-Oct-2022 01:11:31.461 INFO [main] org.apache.catalina.startup.VersionLoggerListener.log Número de versión de servidor:     8.5.82.0
23-Oct-2022 01:11:31.462 INFO [main] org.apache.catalina.startup.VersionLoggerListener.log OS Name:                           Windows 10
23-Oct-2022 01:11:31.463 INFO [main] org.apache.catalina.startup.VersionLoggerListener.log Versión de Systema Operativo:      10.0
23-Oct-2022 01:11:31.463 INFO [main] org.apache.catalina.startup.VersionLoggerListener.log Arquitectura:                      amd64
23-Oct-2022 01:11:31.464 INFO [main] org.apache.catalina.startup.VersionLoggerListener.log Java Home:                         E:\Program Files\Java\jdk-18.0.2.1
23-Oct-2022 01:11:31.464 INFO [main] org.apache.catalina.startup.VersionLoggerListener.log JVM Version:                       18.0.2.1+1-1
23-Oct-2022 01:11:31.465 INFO [main] org.apache.catalina.startup.VersionLoggerListener.log Vededor JVM:                       Oracle Corporation
23-Oct-2022 01:11:31.466 INFO [main] org.apache.catalina.startup.VersionLoggerListener.log CATALINA_BASE:                     C:\Users\ramon\OneDrive\Documentos\Repositorio Local\myfistrepo\myportfolio\Backend\apache-tomcat-8.5.82
23-Oct-2022 01:11:31.466 INFO [main] org.apache.catalina.startup.VersionLoggerListener.log CATALINA_HOME:                     C:\Users\ramon\OneDrive\Documentos\Repositorio Local\myfistrepo\myportfolio\Backend\apache-tomcat-8.5.82
23-Oct-2022 01:11:31.469 INFO [main] org.apache.catalina.startup.VersionLoggerListener.log Command line argument:             --add-opens=java.base/java.lang=ALL-UNNAMED
23-Oct-2022 01:11:31.469 INFO [main] org.apache.catalina.startup.VersionLoggerListener.log Command line argument:             --add-opens=java.base/java.io=ALL-UNNAMED
23-Oct-2022 01:11:31.470 INFO [main] org.apache.catalina.startup.VersionLoggerListener.log Command line argument:             --add-opens=java.base/java.util=ALL-UNNAMED
23-Oct-2022 01:11:31.471 INFO [main] org.apache.catalina.startup.VersionLoggerListener.log Command line argument:             --add-opens=java.base/java.util.concurrent=ALL-UNNAMED
23-Oct-2022 01:11:31.471 INFO [main] org.apache.catalina.startup.VersionLoggerListener.log Command line argument:             --add-opens=java.rmi/sun.rmi.transport=ALL-UNNAMED
23-Oct-2022 01:11:31.472 INFO [main] org.apache.catalina.startup.VersionLoggerListener.log Command line argument:             -Djava.util.logging.config.file=C:\Users\ramon\OneDrive\Documentos\Repositorio Local\myfistrepo\myportfolio\Backend\apache-tomcat-8.5.82\conf\logging.properties
23-Oct-2022 01:11:31.473 INFO [main] org.apache.catalina.startup.VersionLoggerListener.log Command line argument:             -Djava.util.logging.manager=org.apache.juli.ClassLoaderLogManager
23-Oct-2022 01:11:31.473 INFO [main] org.apache.catalina.startup.VersionLoggerListener.log Command line argument:             -Dhttp.nonProxyHosts=localhost|127.0.0.1|DESKTOP-EKSQ0KS
23-Oct-2022 01:11:31.474 INFO [main] org.apache.catalina.startup.VersionLoggerListener.log Command line argument:             -Djdk.tls.ephemeralDHKeySize=2048
23-Oct-2022 01:11:31.474 INFO [main] org.apache.catalina.startup.VersionLoggerListener.log Command line argument:             -Djava.protocol.handler.pkgs=org.apache.catalina.webresources
23-Oct-2022 01:11:31.474 INFO [main] org.apache.catalina.startup.VersionLoggerListener.log Command line argument:             -Dignore.endorsed.dirs=
23-Oct-2022 01:11:31.475 INFO [main] org.apache.catalina.startup.VersionLoggerListener.log Command line argument:             -Dcatalina.base=C:\Users\ramon\OneDrive\Documentos\Repositorio Local\myfistrepo\myportfolio\Backend\apache-tomcat-8.5.82
23-Oct-2022 01:11:31.476 INFO [main] org.apache.catalina.startup.VersionLoggerListener.log Command line argument:             -Dcatalina.home=C:\Users\ramon\OneDrive\Documentos\Repositorio Local\myfistrepo\myportfolio\Backend\apache-tomcat-8.5.82
23-Oct-2022 01:11:31.639 INFO [main] org.apache.catalina.startup.VersionLoggerListener.log Command line argument:             -Djava.io.tmpdir=C:\Users\ramon\OneDrive\Documentos\Repositorio Local\myfistrepo\myportfolio\Backend\apache-tomcat-8.5.82\temp
23-Oct-2022 01:11:31.640 INFO [main] org.apache.catalina.core.AprLifecycleListener.lifecycleEvent Cargada la biblioteca nativa APR de Apache Tomcat [1.2.35] con la versión APR [1.7.0].
23-Oct-2022 01:11:31.641 INFO [main] org.apache.catalina.core.AprLifecycleListener.lifecycleEvent Capacidades APR: IPv6 [true], enviar fichero [true], aceptar filtros [false], aleatorio [true], UDS [{4}].
23-Oct-2022 01:11:31.641 INFO [main] org.apache.catalina.core.AprLifecycleListener.lifecycleEvent APR/OpenSSL configuration: useAprConnector [false], useOpenSSL [true]
23-Oct-2022 01:11:31.657 INFO [main] org.apache.catalina.core.AprLifecycleListener.initializeSSL OpenSSL inicializado correctamente [OpenSSL 1.1.1q  5 Jul 2022]
23-Oct-2022 01:11:31.817 INFO [main] org.apache.coyote.AbstractProtocol.init Inicializando el manejador de protocolo ["http-nio-8080"]

23-Oct-2022 01:11:31.946 INFO [main] org.apache.catalina.startup.Catalina.load Initialization processed in 2225 ms
23-Oct-2022 01:11:32.140 INFO [main] org.apache.catalina.core.StandardService.startInternal Arrancando servicio [Catalina]
23-Oct-2022 01:11:32.141 INFO [main] org.apache.catalina.core.StandardEngine.startInternal Starting Servlet engine: [Apache Tomcat/8.5.82]
23-Oct-2022 01:11:32.183 INFO [localhost-startStop-1] org.apache.catalina.startup.HostConfig.deployDirectory Desplegando el directorio [C:\Users\ramon\OneDrive\Documentos\Repositorio Local\myfistrepo\myportfolio\Backend\apache-tomcat-8.5.82\webapps\docs] de la aplicación web
23-Oct-2022 01:11:34.548 INFO [localhost-startStop-1] org.apache.jasper.servlet.TldScanner.scanJars Al menos un JAR, que se ha explorado buscando TLDs, aún no contenía TLDs. Activar historial de depuración para este historiador para una completa lista de los JARs que fueron explorados y de los que nos se halló TLDs. Saltarse JARs no necesarios durante la exploración puede dar lugar a una mejora de tiempo significativa en el arranque y compilación de JSP .
23-Oct-2022 01:11:35.136 WARNING [localhost-startStop-1] org.apache.catalina.util.SessionIdGeneratorBase.createSecureRandom Creation of SecureRandom instance for session ID generation using [SHA1PRNG] took [361] milliseconds.
23-Oct-2022 01:11:35.283 INFO [localhost-startStop-1] org.apache.catalina.startup.HostConfig.deployDirectory Deployment of web application directory [C:\Users\ramon\OneDrive\Documentos\Repositorio Local\myfistrepo\myportfolio\Backend\apache-tomcat-8.5.82\webapps\docs] has finished in [3.100] ms
23-Oct-2022 01:11:35.286 INFO [localhost-startStop-1] org.apache.catalina.startup.HostConfig.deployDirectory Desplegando el directorio [C:\Users\ramon\OneDrive\Documentos\Repositorio Local\myfistrepo\myportfolio\Backend\apache-tomcat-8.5.82\webapps\examples] de la aplicación web
23-Oct-2022 01:11:37.400 INFO [localhost-startStop-1] org.apache.jasper.servlet.TldScanner.scanJars Al menos un JAR, que se ha explorado buscando TLDs, aún no contenía TLDs. Activar historial de depuración para este historiador para una completa lista de los JARs que fueron explorados y de los que nos se halló TLDs. Saltarse JARs no necesarios durante la exploración puede dar lugar a una mejora de tiempo significativa en el arranque y compilación de JSP .
23-Oct-2022 01:11:37.631 INFO [localhost-startStop-1] org.apache.catalina.startup.HostConfig.deployDirectory Deployment of web application directory [C:\Users\ramon\OneDrive\Documentos\Repositorio Local\myfistrepo\myportfolio\Backend\apache-tomcat-8.5.82\webapps\examples] has finished in [2.345] ms
23-Oct-2022 01:11:37.631 INFO [localhost-startStop-1] org.apache.catalina.startup.HostConfig.deployDirectory Desplegando el directorio [C:\Users\ramon\OneDrive\Documentos\Repositorio Local\myfistrepo\myportfolio\Backend\apache-tomcat-8.5.82\webapps\host-manager] de la aplicación web
23-Oct-2022 01:11:38.038 INFO [localhost-startStop-1] org.apache.jasper.servlet.TldScanner.scanJars Al menos un JAR, que se ha explorado buscando TLDs, aún no contenía TLDs. Activar historial de depuración para este historiador para una completa lista de los JARs que fueron explorados y de los que nos se halló TLDs. Saltarse JARs no necesarios durante la exploración puede dar lugar a una mejora de tiempo significativa en el arranque y compilación de JSP .
23-Oct-2022 01:11:38.063 INFO [localhost-startStop-1] org.apache.catalina.startup.HostConfig.deployDirectory Deployment of web application directory [C:\Users\ramon\OneDrive\Documentos\Repositorio Local\myfistrepo\myportfolio\Backend\apache-tomcat-8.5.82\webapps\host-manager] has finished in [431] ms
23-Oct-2022 01:11:38.063 INFO [localhost-startStop-1] org.apache.catalina.startup.HostConfig.deployDirectory Desplegando el directorio [C:\Users\ramon\OneDrive\Documentos\Repositorio Local\myfistrepo\myportfolio\Backend\apache-tomcat-8.5.82\webapps\manager] de la aplicación web
23-Oct-2022 01:11:38.448 INFO [localhost-startStop-1] org.apache.jasper.servlet.TldScanner.scanJars Al menos un JAR, que se ha explorado buscando TLDs, aún no contenía TLDs. Activar historial de depuración para este historiador para una completa lista de los JARs que fueron explorados y de los que nos se halló TLDs. Saltarse JARs no necesarios durante la exploración puede dar lugar a una mejora de tiempo significativa en el arranque y compilación de JSP .
23-Oct-2022 01:11:38.460 INFO [localhost-startStop-1] org.apache.catalina.startup.HostConfig.deployDirectory Deployment of web application directory [C:\Users\ramon\OneDrive\Documentos\Repositorio Local\myfistrepo\myportfolio\Backend\apache-tomcat-8.5.82\webapps\manager] has finished in [396] ms
23-Oct-2022 01:11:38.461 INFO [localhost-startStop-1] org.apache.catalina.startup.HostConfig.deployDirectory Desplegando el directorio [C:\Users\ramon\OneDrive\Documentos\Repositorio Local\myfistrepo\myportfolio\Backend\apache-tomcat-8.5.82\webapps\ROOT] de la aplicación web
23-Oct-2022 01:11:38.756 INFO [localhost-startStop-1] org.apache.jasper.servlet.TldScanner.scanJars Al menos un JAR, que se ha explorado buscando TLDs, aún no contenía TLDs. Activar historial de depuración para este historiador para una completa lista de los JARs que fueron explorados y de los que nos se halló TLDs. Saltarse JARs no necesarios durante la exploración puede dar lugar a una mejora de tiempo significativa en el arranque y compilación de JSP .
23-Oct-2022 01:11:38.766 INFO [localhost-startStop-1] org.apache.catalina.startup.HostConfig.deployDirectory Deployment of web application directory [C:\Users\ramon\OneDrive\Documentos\Repositorio Local\myfistrepo\myportfolio\Backend\apache-tomcat-8.5.82\webapps\ROOT] has finished in [306] ms
23-Oct-2022 01:11:38.772 INFO [main] org.apache.coyote.AbstractProtocol.start Starting ProtocolHandler ["http-nio-8080"]
23-Oct-2022 01:11:38.998 INFO [main] org.apache.catalina.startup.Catalina.start Server startup in 7048 ms
23-Oct-2022 01:11:49.089 WARNING [http-nio-8080-exec-4] org.apache.catalina.realm.LockOutRealm.filterLockedAccounts Se ha intentado autenticar al usuario bloqueado [admin]
23-Oct-2022 01:11:49.481 WARNING [http-nio-8080-exec-6] org.apache.catalina.realm.LockOutRealm.filterLockedAccounts Se ha intentado autenticar al usuario bloqueado [admin]
23-Oct-2022 01:11:49.693 WARNING [http-nio-8080-exec-8] org.apache.catalina.realm.LockOutRealm.filterLockedAccounts Se ha intentado autenticar al usuario bloqueado [admin]
23-Oct-2022 01:11:50.116 WARNING [http-nio-8080-exec-10] org.apache.catalina.realm.LockOutRealm.filterLockedAccounts Se ha intentado autenticar al usuario bloqueado [admin]
23-Oct-2022 01:11:50.334 WARNING [http-nio-8080-exec-2] org.apache.catalina.realm.LockOutRealm.filterLockedAccounts Se ha intentado autenticar al usuario bloqueado [admin]
23-Oct-2022 01:11:50.557 WARNING [http-nio-8080-exec-4] org.apache.catalina.realm.LockOutRealm.filterLockedAccounts Se ha intentado autenticar al usuario bloqueado [admin]
23-Oct-2022 01:11:50.787 WARNING [http-nio-8080-exec-6] org.apache.catalina.realm.LockOutRealm.filterLockedAccounts Se ha intentado autenticar al usuario bloqueado [admin]
23-Oct-2022 01:11:50.997 WARNING [http-nio-8080-exec-8] org.apache.catalina.realm.LockOutRealm.filterLockedAccounts Se ha intentado autenticar al usuario bloqueado [admin]
23-Oct-2022 01:11:51.398 WARNING [http-nio-8080-exec-10] org.apache.catalina.realm.LockOutRealm.filterLockedAccounts Se ha intentado autenticar al usuario bloqueado [admin]
23-Oct-2022 01:11:51.577 WARNING [http-nio-8080-exec-2] org.apache.catalina.realm.LockOutRealm.filterLockedAccounts Se ha intentado autenticar al usuario bloqueado [admin]
23-Oct-2022 01:11:51.827 WARNING [http-nio-8080-exec-4] org.apache.catalina.realm.LockOutRealm.filterLockedAccounts Se ha intentado autenticar al usuario bloqueado [admin]
23-Oct-2022 01:11:52.043 WARNING [http-nio-8080-exec-6] org.apache.catalina.realm.LockOutRealm.filterLockedAccounts Se ha intentado autenticar al usuario bloqueado [admin]
23-Oct-2022 01:11:52.258 WARNING [http-nio-8080-exec-8] org.apache.catalina.realm.LockOutRealm.filterLockedAccounts Se ha intentado autenticar al usuario bloqueado [admin]
23-Oct-2022 01:11:52.441 WARNING [http-nio-8080-exec-10] org.apache.catalina.realm.LockOutRealm.filterLockedAccounts Se ha intentado autenticar al usuario bloqueado [admin]
23-Oct-2022 01:11:52.847 WARNING [http-nio-8080-exec-2] org.apache.catalina.realm.LockOutRealm.filterLockedAccounts Se ha intentado autenticar al usuario bloqueado [admin]
23-Oct-2022 01:11:53.495 WARNING [http-nio-8080-exec-8] org.apache.catalina.realm.LockOutRealm.filterLockedAccounts Se ha intentado autenticar al usuario bloqueado [admin]
23-Oct-2022 01:11:53.938 WARNING [http-nio-8080-exec-10] org.apache.catalina.realm.LockOutRealm.filterLockedAccounts Se ha intentado autenticar al usuario bloqueado [admin]
23-Oct-2022 01:11:54.372 WARNING [http-nio-8080-exec-2] org.apache.catalina.realm.LockOutRealm.filterLockedAccounts Se ha intentado autenticar al usuario bloqueado [admin]
23-Oct-2022 01:11:54.785 WARNING [http-nio-8080-exec-4] org.apache.catalina.realm.LockOutRealm.filterLockedAccounts Se ha intentado autenticar al usuario bloqueado [admin]
23-Oct-2022 01:11:55.167 WARNING [http-nio-8080-exec-6] org.apache.catalina.realm.LockOutRealm.filterLockedAccounts Se ha intentado autenticar al usuario bloqueado [admin]
23-Oct-2022 01:11:55.558 WARNING [http-nio-8080-exec-8] org.apache.catalina.realm.LockOutRealm.filterLockedAccounts Se ha intentado autenticar al usuario bloqueado [admin]
23-Oct-2022 01:11:55.961 WARNING [http-nio-8080-exec-10] org.apache.catalina.realm.LockOutRealm.filterLockedAccounts Se ha intentado autenticar al usuario bloqueado [admin]
23-Oct-2022 01:11:56.370 WARNING [http-nio-8080-exec-2] org.apache.catalina.realm.LockOutRealm.filterLockedAccounts Se ha intentado autenticar al usuario bloqueado [admin]
23-Oct-2022 01:11:56.774 WARNING [http-nio-8080-exec-4] org.apache.catalina.realm.LockOutRealm.filterLockedAccounts Se ha intentado autenticar al usuario bloqueado [admin]
23-Oct-2022 01:11:57.178 WARNING [http-nio-8080-exec-6] org.apache.catalina.realm.LockOutRealm.filterLockedAccounts Se ha intentado autenticar al usuario bloqueado [admin]
23-Oct-2022 01:11:57.372 WARNING [http-nio-8080-exec-8] org.apache.catalina.realm.LockOutRealm.filterLockedAccounts Se ha intentado autenticar al usuario bloqueado [admin]
23-Oct-2022 01:11:57.590 WARNING [http-nio-8080-exec-10] org.apache.catalina.realm.LockOutRealm.filterLockedAccounts Se ha intentado autenticar al usuario bloqueado [admin]
23-Oct-2022 01:11:57.775 WARNING [http-nio-8080-exec-2] org.apache.catalina.realm.LockOutRealm.filterLockedAccounts Se ha intentado autenticar al usuario bloqueado [admin]
23-Oct-2022 01:11:58.016 WARNING [http-nio-8080-exec-4] org.apache.catalina.realm.LockOutRealm.filterLockedAccounts Se ha intentado autenticar al usuario bloqueado [admin]
23-Oct-2022 01:11:58.438 WARNING [http-nio-8080-exec-6] org.apache.catalina.realm.LockOutRealm.filterLockedAccounts Se ha intentado autenticar al usuario bloqueado [admin]
23-Oct-2022 01:11:58.868 WARNING [http-nio-8080-exec-8] org.apache.catalina.realm.LockOutRealm.filterLockedAccounts Se ha intentado autenticar al usuario bloqueado [admin]
23-Oct-2022 01:11:59.245 WARNING [http-nio-8080-exec-10] org.apache.catalina.realm.LockOutRealm.filterLockedAccounts Se ha intentado autenticar al usuario bloqueado [admin]
23-Oct-2022 01:11:59.425 WARNING [http-nio-8080-exec-2] org.apache.catalina.realm.LockOutRealm.filterLockedAccounts Se ha intentado autenticar al usuario bloqueado [admin]
23-Oct-2022 01:11:59.617 WARNING [http-nio-8080-exec-4] org.apache.catalina.realm.LockOutRealm.filterLockedAccounts Se ha intentado autenticar al usuario bloqueado [admin]
23-Oct-2022 12:29:03.247 INFO [main] org.apache.catalina.startup.VersionLoggerListener.log Nombre de la versión del servidor: Apache Tomcat/8.5.82
23-Oct-2022 12:29:03.254 INFO [main] org.apache.catalina.startup.VersionLoggerListener.log Server built:                      Aug 8 2022 21:26:07 UTC
23-Oct-2022 12:29:03.255 INFO [main] org.apache.catalina.startup.VersionLoggerListener.log Número de versión de servidor:     8.5.82.0
23-Oct-2022 12:29:03.255 INFO [main] org.apache.catalina.startup.VersionLoggerListener.log OS Name:                           Windows 10
23-Oct-2022 12:29:03.256 INFO [main] org.apache.catalina.startup.VersionLoggerListener.log Versión de Systema Operativo:      10.0
23-Oct-2022 12:29:03.256 INFO [main] org.apache.catalina.startup.VersionLoggerListener.log Arquitectura:                      amd64
23-Oct-2022 12:29:03.256 INFO [main] org.apache.catalina.startup.VersionLoggerListener.log Java Home:                         E:\Program Files\Java\jdk-18.0.2.1
23-Oct-2022 12:29:03.257 INFO [main] org.apache.catalina.startup.VersionLoggerListener.log JVM Version:                       18.0.2.1+1-1
23-Oct-2022 12:29:03.257 INFO [main] org.apache.catalina.startup.VersionLoggerListener.log Vededor JVM:                       Oracle Corporation
23-Oct-2022 12:29:03.258 INFO [main] org.apache.catalina.startup.VersionLoggerListener.log CATALINA_BASE:                     C:\Users\ramon\OneDrive\Documentos\Repositorio Local\myfistrepo\myportfolio\Backend\apache-tomcat-8.5.82
23-Oct-2022 12:29:03.258 INFO [main] org.apache.catalina.startup.VersionLoggerListener.log CATALINA_HOME:                     C:\Users\ramon\OneDrive\Documentos\Repositorio Local\myfistrepo\myportfolio\Backend\apache-tomcat-8.5.82
23-Oct-2022 12:29:03.260 INFO [main] org.apache.catalina.startup.VersionLoggerListener.log Command line argument:             --add-opens=java.base/java.lang=ALL-UNNAMED
23-Oct-2022 12:29:03.261 INFO [main] org.apache.catalina.startup.VersionLoggerListener.log Command line argument:             --add-opens=java.base/java.io=ALL-UNNAMED
23-Oct-2022 12:29:03.261 INFO [main] org.apache.catalina.startup.VersionLoggerListener.log Command line argument:             --add-opens=java.base/java.util=ALL-UNNAMED
23-Oct-2022 12:29:03.262 INFO [main] org.apache.catalina.startup.VersionLoggerListener.log Command line argument:             --add-opens=java.base/java.util.concurrent=ALL-UNNAMED
23-Oct-2022 12:29:03.262 INFO [main] org.apache.catalina.startup.VersionLoggerListener.log Command line argument:             --add-opens=java.rmi/sun.rmi.transport=ALL-UNNAMED
23-Oct-2022 12:29:03.262 INFO [main] org.apache.catalina.startup.VersionLoggerListener.log Command line argument:             -Djava.util.logging.config.file=C:\Users\ramon\OneDrive\Documentos\Repositorio Local\myfistrepo\myportfolio\Backend\apache-tomcat-8.5.82\conf\logging.properties
23-Oct-2022 12:29:03.263 INFO [main] org.apache.catalina.startup.VersionLoggerListener.log Command line argument:             -Djava.util.logging.manager=org.apache.juli.ClassLoaderLogManager
23-Oct-2022 12:29:03.264 INFO [main] org.apache.catalina.startup.VersionLoggerListener.log Command line argument:             -Dhttp.nonProxyHosts=localhost|127.0.0.1|DESKTOP-EKSQ0KS
23-Oct-2022 12:29:03.264 INFO [main] org.apache.catalina.startup.VersionLoggerListener.log Command line argument:             -Djdk.tls.ephemeralDHKeySize=2048
23-Oct-2022 12:29:03.266 INFO [main] org.apache.catalina.startup.VersionLoggerListener.log Command line argument:             -Djava.protocol.handler.pkgs=org.apache.catalina.webresources
23-Oct-2022 12:29:03.266 INFO [main] org.apache.catalina.startup.VersionLoggerListener.log Command line argument:             -Dignore.endorsed.dirs=
23-Oct-2022 12:29:03.267 INFO [main] org.apache.catalina.startup.VersionLoggerListener.log Command line argument:             -Dcatalina.base=C:\Users\ramon\OneDrive\Documentos\Repositorio Local\myfistrepo\myportfolio\Backend\apache-tomcat-8.5.82
23-Oct-2022 12:29:03.267 INFO [main] org.apache.catalina.startup.VersionLoggerListener.log Command line argument:             -Dcatalina.home=C:\Users\ramon\OneDrive\Documentos\Repositorio Local\myfistrepo\myportfolio\Backend\apache-tomcat-8.5.82
23-Oct-2022 12:29:03.268 INFO [main] org.apache.catalina.startup.VersionLoggerListener.log Command line argument:             -Djava.io.tmpdir=C:\Users\ramon\OneDrive\Documentos\Repositorio Local\myfistrepo\myportfolio\Backend\apache-tomcat-8.5.82\temp
23-Oct-2022 12:29:03.269 INFO [main] org.apache.catalina.core.AprLifecycleListener.lifecycleEvent Cargada la biblioteca nativa APR de Apache Tomcat [1.2.35] con la versión APR [1.7.0].
23-Oct-2022 12:29:03.269 INFO [main] org.apache.catalina.core.AprLifecycleListener.lifecycleEvent Capacidades APR: IPv6 [true], enviar fichero [true], aceptar filtros [false], aleatorio [true], UDS [{4}].
23-Oct-2022 12:29:03.270 INFO [main] org.apache.catalina.core.AprLifecycleListener.lifecycleEvent APR/OpenSSL configuration: useAprConnector [false], useOpenSSL [true]
23-Oct-2022 12:29:03.284 INFO [main] org.apache.catalina.core.AprLifecycleListener.initializeSSL OpenSSL inicializado correctamente [OpenSSL 1.1.1q  5 Jul 2022]
23-Oct-2022 12:29:03.492 INFO [main] org.apache.coyote.AbstractProtocol.init Inicializando el manejador de protocolo ["http-nio-8080"]

23-Oct-2022 12:29:03.628 INFO [main] org.apache.catalina.startup.Catalina.load Initialization processed in 2084 ms
23-Oct-2022 12:29:03.854 INFO [main] org.apache.catalina.core.StandardService.startInternal Arrancando servicio [Catalina]
23-Oct-2022 12:29:03.854 INFO [main] org.apache.catalina.core.StandardEngine.startInternal Starting Servlet engine: [Apache Tomcat/8.5.82]
23-Oct-2022 12:29:03.896 INFO [localhost-startStop-1] org.apache.catalina.startup.HostConfig.deployDirectory Desplegando el directorio [C:\Users\ramon\OneDrive\Documentos\Repositorio Local\myfistrepo\myportfolio\Backend\apache-tomcat-8.5.82\webapps\docs] de la aplicación web
23-Oct-2022 12:29:06.532 INFO [localhost-startStop-1] org.apache.jasper.servlet.TldScanner.scanJars Al menos un JAR, que se ha explorado buscando TLDs, aún no contenía TLDs. Activar historial de depuración para este historiador para una completa lista de los JARs que fueron explorados y de los que nos se halló TLDs. Saltarse JARs no necesarios durante la exploración puede dar lugar a una mejora de tiempo significativa en el arranque y compilación de JSP .
23-Oct-2022 12:29:06.968 WARNING [localhost-startStop-1] org.apache.catalina.util.SessionIdGeneratorBase.createSecureRandom Creation of SecureRandom instance for session ID generation using [SHA1PRNG] took [269] milliseconds.
23-Oct-2022 12:29:07.108 INFO [localhost-startStop-1] org.apache.catalina.startup.HostConfig.deployDirectory Deployment of web application directory [C:\Users\ramon\OneDrive\Documentos\Repositorio Local\myfistrepo\myportfolio\Backend\apache-tomcat-8.5.82\webapps\docs] has finished in [3.212] ms
23-Oct-2022 12:29:07.109 INFO [localhost-startStop-1] org.apache.catalina.startup.HostConfig.deployDirectory Desplegando el directorio [C:\Users\ramon\OneDrive\Documentos\Repositorio Local\myfistrepo\myportfolio\Backend\apache-tomcat-8.5.82\webapps\examples] de la aplicación web
23-Oct-2022 12:29:08.962 INFO [localhost-startStop-1] org.apache.jasper.servlet.TldScanner.scanJars Al menos un JAR, que se ha explorado buscando TLDs, aún no contenía TLDs. Activar historial de depuración para este historiador para una completa lista de los JARs que fueron explorados y de los que nos se halló TLDs. Saltarse JARs no necesarios durante la exploración puede dar lugar a una mejora de tiempo significativa en el arranque y compilación de JSP .
23-Oct-2022 12:29:09.302 INFO [localhost-startStop-1] org.apache.catalina.startup.HostConfig.deployDirectory Deployment of web application directory [C:\Users\ramon\OneDrive\Documentos\Repositorio Local\myfistrepo\myportfolio\Backend\apache-tomcat-8.5.82\webapps\examples] has finished in [2.192] ms
23-Oct-2022 12:29:09.303 INFO [localhost-startStop-1] org.apache.catalina.startup.HostConfig.deployDirectory Desplegando el directorio [C:\Users\ramon\OneDrive\Documentos\Repositorio Local\myfistrepo\myportfolio\Backend\apache-tomcat-8.5.82\webapps\host-manager] de la aplicación web
23-Oct-2022 12:29:09.721 INFO [localhost-startStop-1] org.apache.jasper.servlet.TldScanner.scanJars Al menos un JAR, que se ha explorado buscando TLDs, aún no contenía TLDs. Activar historial de depuración para este historiador para una completa lista de los JARs que fueron explorados y de los que nos se halló TLDs. Saltarse JARs no necesarios durante la exploración puede dar lugar a una mejora de tiempo significativa en el arranque y compilación de JSP .
23-Oct-2022 12:29:09.750 INFO [localhost-startStop-1] org.apache.catalina.startup.HostConfig.deployDirectory Deployment of web application directory [C:\Users\ramon\OneDrive\Documentos\Repositorio Local\myfistrepo\myportfolio\Backend\apache-tomcat-8.5.82\webapps\host-manager] has finished in [447] ms
23-Oct-2022 12:29:09.751 INFO [localhost-startStop-1] org.apache.catalina.startup.HostConfig.deployDirectory Desplegando el directorio [C:\Users\ramon\OneDrive\Documentos\Repositorio Local\myfistrepo\myportfolio\Backend\apache-tomcat-8.5.82\webapps\manager] de la aplicación web
23-Oct-2022 12:29:10.237 INFO [localhost-startStop-1] org.apache.jasper.servlet.TldScanner.scanJars Al menos un JAR, que se ha explorado buscando TLDs, aún no contenía TLDs. Activar historial de depuración para este historiador para una completa lista de los JARs que fueron explorados y de los que nos se halló TLDs. Saltarse JARs no necesarios durante la exploración puede dar lugar a una mejora de tiempo significativa en el arranque y compilación de JSP .
23-Oct-2022 12:29:10.245 INFO [localhost-startStop-1] org.apache.catalina.startup.HostConfig.deployDirectory Deployment of web application directory [C:\Users\ramon\OneDrive\Documentos\Repositorio Local\myfistrepo\myportfolio\Backend\apache-tomcat-8.5.82\webapps\manager] has finished in [495] ms
23-Oct-2022 12:29:10.245 INFO [localhost-startStop-1] org.apache.catalina.startup.HostConfig.deployDirectory Desplegando el directorio [C:\Users\ramon\OneDrive\Documentos\Repositorio Local\myfistrepo\myportfolio\Backend\apache-tomcat-8.5.82\webapps\ROOT] de la aplicación web
23-Oct-2022 12:29:10.582 INFO [localhost-startStop-1] org.apache.jasper.servlet.TldScanner.scanJars Al menos un JAR, que se ha explorado buscando TLDs, aún no contenía TLDs. Activar historial de depuración para este historiador para una completa lista de los JARs que fueron explorados y de los que nos se halló TLDs. Saltarse JARs no necesarios durante la exploración puede dar lugar a una mejora de tiempo significativa en el arranque y compilación de JSP .
23-Oct-2022 12:29:10.607 INFO [localhost-startStop-1] org.apache.catalina.startup.HostConfig.deployDirectory Deployment of web application directory [C:\Users\ramon\OneDrive\Documentos\Repositorio Local\myfistrepo\myportfolio\Backend\apache-tomcat-8.5.82\webapps\ROOT] has finished in [362] ms
23-Oct-2022 12:29:10.615 INFO [main] org.apache.coyote.AbstractProtocol.start Starting ProtocolHandler ["http-nio-8080"]
23-Oct-2022 12:29:10.833 INFO [main] org.apache.catalina.startup.Catalina.start Server startup in 7200 ms
23-Oct-2022 12:52:56.737 INFO [main] org.apache.catalina.core.StandardServer.await Se ha recibido un comando de apagado a través del puerto de apagado. Parando la instancia del Servidor.
23-Oct-2022 12:52:56.739 INFO [main] org.apache.coyote.AbstractProtocol.pause Pausing ProtocolHandler ["http-nio-8080"]
23-Oct-2022 12:52:56.764 INFO [main] org.apache.catalina.core.StandardService.stopInternal Parando servicio [Catalina]
23-Oct-2022 12:52:56.849 INFO [main] org.apache.coyote.AbstractProtocol.stop Stopping ProtocolHandler ["http-nio-8080"]
23-Oct-2022 12:52:56.865 INFO [main] org.apache.coyote.AbstractProtocol.destroy Destroying ProtocolHandler ["http-nio-8080"]
23-Oct-2022 16:35:41.229 INFO [main] org.apache.catalina.startup.VersionLoggerListener.log Nombre de la versión del servidor: Apache Tomcat/8.5.82
23-Oct-2022 16:35:41.247 INFO [main] org.apache.catalina.startup.VersionLoggerListener.log Server built:                      Aug 8 2022 21:26:07 UTC
23-Oct-2022 16:35:41.249 INFO [main] org.apache.catalina.startup.VersionLoggerListener.log Número de versión de servidor:     8.5.82.0
23-Oct-2022 16:35:41.250 INFO [main] org.apache.catalina.startup.VersionLoggerListener.log OS Name:                           Windows 10
23-Oct-2022 16:35:41.251 INFO [main] org.apache.catalina.startup.VersionLoggerListener.log Versión de Systema Operativo:      10.0
23-Oct-2022 16:35:41.251 INFO [main] org.apache.catalina.startup.VersionLoggerListener.log Arquitectura:                      amd64
23-Oct-2022 16:35:41.252 INFO [main] org.apache.catalina.startup.VersionLoggerListener.log Java Home:                         E:\Program Files\Java\jdk-18.0.2.1
23-Oct-2022 16:35:41.253 INFO [main] org.apache.catalina.startup.VersionLoggerListener.log JVM Version:                       18.0.2.1+1-1
23-Oct-2022 16:35:41.254 INFO [main] org.apache.catalina.startup.VersionLoggerListener.log Vededor JVM:                       Oracle Corporation
23-Oct-2022 16:35:41.256 INFO [main] org.apache.catalina.startup.VersionLoggerListener.log CATALINA_BASE:                     C:\Users\ramon\OneDrive\Documentos\Repositorio Local\myfistrepo\myportfolio\Backend\apache-tomcat-8.5.82
23-Oct-2022 16:35:41.257 INFO [main] org.apache.catalina.startup.VersionLoggerListener.log CATALINA_HOME:                     C:\Users\ramon\OneDrive\Documentos\Repositorio Local\myfistrepo\myportfolio\Backend\apache-tomcat-8.5.82
23-Oct-2022 16:35:41.262 INFO [main] org.apache.catalina.startup.VersionLoggerListener.log Command line argument:             --add-opens=java.base/java.lang=ALL-UNNAMED
23-Oct-2022 16:35:41.263 INFO [main] org.apache.catalina.startup.VersionLoggerListener.log Command line argument:             --add-opens=java.base/java.io=ALL-UNNAMED
23-Oct-2022 16:35:41.265 INFO [main] org.apache.catalina.startup.VersionLoggerListener.log Command line argument:             --add-opens=java.base/java.util=ALL-UNNAMED
23-Oct-2022 16:35:41.268 INFO [main] org.apache.catalina.startup.VersionLoggerListener.log Command line argument:             --add-opens=java.base/java.util.concurrent=ALL-UNNAMED
23-Oct-2022 16:35:41.271 INFO [main] org.apache.catalina.startup.VersionLoggerListener.log Command line argument:             --add-opens=java.rmi/sun.rmi.transport=ALL-UNNAMED
23-Oct-2022 16:35:41.276 INFO [main] org.apache.catalina.startup.VersionLoggerListener.log Command line argument:             -Djava.util.logging.config.file=C:\Users\ramon\OneDrive\Documentos\Repositorio Local\myfistrepo\myportfolio\Backend\apache-tomcat-8.5.82\conf\logging.properties
23-Oct-2022 16:35:41.279 INFO [main] org.apache.catalina.startup.VersionLoggerListener.log Command line argument:             -Djava.util.logging.manager=org.apache.juli.ClassLoaderLogManager
23-Oct-2022 16:35:41.281 INFO [main] org.apache.catalina.startup.VersionLoggerListener.log Command line argument:             -Dhttp.nonProxyHosts=localhost|127.0.0.1|DESKTOP-EKSQ0KS
23-Oct-2022 16:35:41.283 INFO [main] org.apache.catalina.startup.VersionLoggerListener.log Command line argument:             -Djdk.tls.ephemeralDHKeySize=2048
23-Oct-2022 16:35:41.284 INFO [main] org.apache.catalina.startup.VersionLoggerListener.log Command line argument:             -Djava.protocol.handler.pkgs=org.apache.catalina.webresources
23-Oct-2022 16:35:41.285 INFO [main] org.apache.catalina.startup.VersionLoggerListener.log Command line argument:             -Dignore.endorsed.dirs=
23-Oct-2022 16:35:41.287 INFO [main] org.apache.catalina.startup.VersionLoggerListener.log Command line argument:             -Dcatalina.base=C:\Users\ramon\OneDrive\Documentos\Repositorio Local\myfistrepo\myportfolio\Backend\apache-tomcat-8.5.82
23-Oct-2022 16:35:41.290 INFO [main] org.apache.catalina.startup.VersionLoggerListener.log Command line argument:             -Dcatalina.home=C:\Users\ramon\OneDrive\Documentos\Repositorio Local\myfistrepo\myportfolio\Backend\apache-tomcat-8.5.82
23-Oct-2022 16:35:41.292 INFO [main] org.apache.catalina.startup.VersionLoggerListener.log Command line argument:             -Djava.io.tmpdir=C:\Users\ramon\OneDrive\Documentos\Repositorio Local\myfistrepo\myportfolio\Backend\apache-tomcat-8.5.82\temp
23-Oct-2022 16:35:41.293 INFO [main] org.apache.catalina.core.AprLifecycleListener.lifecycleEvent Cargada la biblioteca nativa APR de Apache Tomcat [1.2.35] con la versión APR [1.7.0].
23-Oct-2022 16:35:41.299 INFO [main] org.apache.catalina.core.AprLifecycleListener.lifecycleEvent Capacidades APR: IPv6 [true], enviar fichero [true], aceptar filtros [false], aleatorio [true], UDS [{4}].
23-Oct-2022 16:35:41.300 INFO [main] org.apache.catalina.core.AprLifecycleListener.lifecycleEvent APR/OpenSSL configuration: useAprConnector [false], useOpenSSL [true]
23-Oct-2022 16:35:41.352 INFO [main] org.apache.catalina.core.AprLifecycleListener.initializeSSL OpenSSL inicializado correctamente [OpenSSL 1.1.1q  5 Jul 2022]
23-Oct-2022 16:35:41.885 INFO [main] org.apache.coyote.AbstractProtocol.init Inicializando el manejador de protocolo ["http-nio-8080"]

23-Oct-2022 16:35:42.227 INFO [main] org.apache.catalina.startup.Catalina.load Initialization processed in 5776 ms
23-Oct-2022 16:35:42.680 INFO [main] org.apache.catalina.core.StandardService.startInternal Arrancando servicio [Catalina]
23-Oct-2022 16:35:42.681 INFO [main] org.apache.catalina.core.StandardEngine.startInternal Starting Servlet engine: [Apache Tomcat/8.5.82]
23-Oct-2022 16:35:42.761 INFO [localhost-startStop-1] org.apache.catalina.startup.HostConfig.deployDirectory Desplegando el directorio [C:\Users\ramon\OneDrive\Documentos\Repositorio Local\myfistrepo\myportfolio\Backend\apache-tomcat-8.5.82\webapps\docs] de la aplicación web
23-Oct-2022 16:35:46.666 INFO [localhost-startStop-1] org.apache.jasper.servlet.TldScanner.scanJars Al menos un JAR, que se ha explorado buscando TLDs, aún no contenía TLDs. Activar historial de depuración para este historiador para una completa lista de los JARs que fueron explorados y de los que nos se halló TLDs. Saltarse JARs no necesarios durante la exploración puede dar lugar a una mejora de tiempo significativa en el arranque y compilación de JSP .
23-Oct-2022 16:35:47.285 WARNING [localhost-startStop-1] org.apache.catalina.util.SessionIdGeneratorBase.createSecureRandom Creation of SecureRandom instance for session ID generation using [SHA1PRNG] took [407] milliseconds.
23-Oct-2022 16:35:47.480 INFO [localhost-startStop-1] org.apache.catalina.startup.HostConfig.deployDirectory Deployment of web application directory [C:\Users\ramon\OneDrive\Documentos\Repositorio Local\myfistrepo\myportfolio\Backend\apache-tomcat-8.5.82\webapps\docs] has finished in [4.720] ms
23-Oct-2022 16:35:47.482 INFO [localhost-startStop-1] org.apache.catalina.startup.HostConfig.deployDirectory Desplegando el directorio [C:\Users\ramon\OneDrive\Documentos\Repositorio Local\myfistrepo\myportfolio\Backend\apache-tomcat-8.5.82\webapps\examples] de la aplicación web
23-Oct-2022 16:35:52.402 INFO [localhost-startStop-1] org.apache.jasper.servlet.TldScanner.scanJars Al menos un JAR, que se ha explorado buscando TLDs, aún no contenía TLDs. Activar historial de depuración para este historiador para una completa lista de los JARs que fueron explorados y de los que nos se halló TLDs. Saltarse JARs no necesarios durante la exploración puede dar lugar a una mejora de tiempo significativa en el arranque y compilación de JSP .
23-Oct-2022 16:35:53.150 INFO [localhost-startStop-1] org.apache.catalina.startup.HostConfig.deployDirectory Deployment of web application directory [C:\Users\ramon\OneDrive\Documentos\Repositorio Local\myfistrepo\myportfolio\Backend\apache-tomcat-8.5.82\webapps\examples] has finished in [5.667] ms
23-Oct-2022 16:35:53.154 INFO [localhost-startStop-1] org.apache.catalina.startup.HostConfig.deployDirectory Desplegando el directorio [C:\Users\ramon\OneDrive\Documentos\Repositorio Local\myfistrepo\myportfolio\Backend\apache-tomcat-8.5.82\webapps\host-manager] de la aplicación web
23-Oct-2022 16:35:54.286 INFO [localhost-startStop-1] org.apache.jasper.servlet.TldScanner.scanJars Al menos un JAR, que se ha explorado buscando TLDs, aún no contenía TLDs. Activar historial de depuración para este historiador para una completa lista de los JARs que fueron explorados y de los que nos se halló TLDs. Saltarse JARs no necesarios durante la exploración puede dar lugar a una mejora de tiempo significativa en el arranque y compilación de JSP .
23-Oct-2022 16:35:54.351 INFO [localhost-startStop-1] org.apache.catalina.startup.HostConfig.deployDirectory Deployment of web application directory [C:\Users\ramon\OneDrive\Documentos\Repositorio Local\myfistrepo\myportfolio\Backend\apache-tomcat-8.5.82\webapps\host-manager] has finished in [1.196] ms
23-Oct-2022 16:35:54.353 INFO [localhost-startStop-1] org.apache.catalina.startup.HostConfig.deployDirectory Desplegando el directorio [C:\Users\ramon\OneDrive\Documentos\Repositorio Local\myfistrepo\myportfolio\Backend\apache-tomcat-8.5.82\webapps\manager] de la aplicación web
23-Oct-2022 16:35:55.596 INFO [localhost-startStop-1] org.apache.jasper.servlet.TldScanner.scanJars Al menos un JAR, que se ha explorado buscando TLDs, aún no contenía TLDs. Activar historial de depuración para este historiador para una completa lista de los JARs que fueron explorados y de los que nos se halló TLDs. Saltarse JARs no necesarios durante la exploración puede dar lugar a una mejora de tiempo significativa en el arranque y compilación de JSP .
23-Oct-2022 16:35:55.648 INFO [localhost-startStop-1] org.apache.catalina.startup.HostConfig.deployDirectory Deployment of web application directory [C:\Users\ramon\OneDrive\Documentos\Repositorio Local\myfistrepo\myportfolio\Backend\apache-tomcat-8.5.82\webapps\manager] has finished in [1.283] ms
23-Oct-2022 16:35:55.650 INFO [localhost-startStop-1] org.apache.catalina.startup.HostConfig.deployDirectory Desplegando el directorio [C:\Users\ramon\OneDrive\Documentos\Repositorio Local\myfistrepo\myportfolio\Backend\apache-tomcat-8.5.82\webapps\ROOT] de la aplicación web
23-Oct-2022 16:35:56.624 INFO [localhost-startStop-1] org.apache.jasper.servlet.TldScanner.scanJars Al menos un JAR, que se ha explorado buscando TLDs, aún no contenía TLDs. Activar historial de depuración para este historiador para una completa lista de los JARs que fueron explorados y de los que nos se halló TLDs. Saltarse JARs no necesarios durante la exploración puede dar lugar a una mejora de tiempo significativa en el arranque y compilación de JSP .
23-Oct-2022 16:35:56.720 INFO [localhost-startStop-1] org.apache.catalina.startup.HostConfig.deployDirectory Deployment of web application directory [C:\Users\ramon\OneDrive\Documentos\Repositorio Local\myfistrepo\myportfolio\Backend\apache-tomcat-8.5.82\webapps\ROOT] has finished in [1.071] ms
23-Oct-2022 16:35:56.744 INFO [main] org.apache.coyote.AbstractProtocol.start Starting ProtocolHandler ["http-nio-8080"]
23-Oct-2022 16:35:57.335 INFO [main] org.apache.catalina.startup.Catalina.start Server startup in 15095 ms
23-Oct-2022 17:01:16.370 INFO [main] org.apache.catalina.core.StandardServer.await Se ha recibido un comando de apagado a través del puerto de apagado. Parando la instancia del Servidor.
23-Oct-2022 17:01:16.372 INFO [main] org.apache.coyote.AbstractProtocol.pause Pausing ProtocolHandler ["http-nio-8080"]
23-Oct-2022 17:01:16.410 INFO [main] org.apache.catalina.core.StandardService.stopInternal Parando servicio [Catalina]
23-Oct-2022 17:01:16.588 INFO [main] org.apache.coyote.AbstractProtocol.stop Stopping ProtocolHandler ["http-nio-8080"]
23-Oct-2022 17:01:16.622 INFO [main] org.apache.coyote.AbstractProtocol.destroy Destroying ProtocolHandler ["http-nio-8080"]
