22-Oct-2022 00:00:25.157 INFO [main] org.apache.catalina.core.StandardServer.await Se ha recibido un comando de apagado a través del puerto de apagado. Parando la instancia del Servidor.
22-Oct-2022 00:00:25.160 INFO [main] org.apache.coyote.AbstractProtocol.pause Pausing ProtocolHandler ["http-nio-8080"]
22-Oct-2022 00:00:25.220 INFO [main] org.apache.catalina.core.StandardService.stopInternal Parando servicio [Catalina]
22-Oct-2022 00:00:25.226 SEVERE [Catalina-startStop-2] org.apache.catalina.mapper.MapperListener.findDefaultHost Máquina por defecto desconocida: [127.0.0.1] para el conector [StandardService[Catalina]]
22-Oct-2022 00:00:25.416 INFO [main] org.apache.coyote.AbstractProtocol.stop Stopping ProtocolHandler ["http-nio-8080"]
22-Oct-2022 00:00:25.512 INFO [main] org.apache.coyote.AbstractProtocol.destroy Destroying ProtocolHandler ["http-nio-8080"]
22-Oct-2022 11:37:11.452 INFO [main] org.apache.catalina.startup.VersionLoggerListener.log Nombre de la versión del servidor: Apache Tomcat/8.5.82
22-Oct-2022 11:37:11.557 INFO [main] org.apache.catalina.startup.VersionLoggerListener.log Server built:                      Aug 8 2022 21:26:07 UTC
22-Oct-2022 11:37:11.558 INFO [main] org.apache.catalina.startup.VersionLoggerListener.log Número de versión de servidor:     8.5.82.0
22-Oct-2022 11:37:11.558 INFO [main] org.apache.catalina.startup.VersionLoggerListener.log OS Name:                           Windows 10
22-Oct-2022 11:37:11.559 INFO [main] org.apache.catalina.startup.VersionLoggerListener.log Versión de Systema Operativo:      10.0
22-Oct-2022 11:37:11.560 INFO [main] org.apache.catalina.startup.VersionLoggerListener.log Arquitectura:                      amd64
22-Oct-2022 11:37:11.560 INFO [main] org.apache.catalina.startup.VersionLoggerListener.log Java Home:                         E:\Program Files\Java\jdk-18.0.2.1
22-Oct-2022 11:37:11.561 INFO [main] org.apache.catalina.startup.VersionLoggerListener.log JVM Version:                       18.0.2.1+1-1
22-Oct-2022 11:37:11.561 INFO [main] org.apache.catalina.startup.VersionLoggerListener.log Vededor JVM:                       Oracle Corporation
22-Oct-2022 11:37:11.562 INFO [main] org.apache.catalina.startup.VersionLoggerListener.log CATALINA_BASE:                     C:\Users\ramon\OneDrive\Documentos\Repositorio Local\myfistrepo\myportfolio\Backend\apache-tomcat-8.5.82
22-Oct-2022 11:37:11.562 INFO [main] org.apache.catalina.startup.VersionLoggerListener.log CATALINA_HOME:                     C:\Users\ramon\OneDrive\Documentos\Repositorio Local\myfistrepo\myportfolio\Backend\apache-tomcat-8.5.82
22-Oct-2022 11:37:11.563 INFO [main] org.apache.catalina.startup.VersionLoggerListener.log Command line argument:             --add-opens=java.base/java.lang=ALL-UNNAMED
22-Oct-2022 11:37:11.564 INFO [main] org.apache.catalina.startup.VersionLoggerListener.log Command line argument:             --add-opens=java.base/java.io=ALL-UNNAMED
22-Oct-2022 11:37:11.564 INFO [main] org.apache.catalina.startup.VersionLoggerListener.log Command line argument:             --add-opens=java.base/java.util=ALL-UNNAMED
22-Oct-2022 11:37:11.565 INFO [main] org.apache.catalina.startup.VersionLoggerListener.log Command line argument:             --add-opens=java.base/java.util.concurrent=ALL-UNNAMED
22-Oct-2022 11:37:11.565 INFO [main] org.apache.catalina.startup.VersionLoggerListener.log Command line argument:             --add-opens=java.rmi/sun.rmi.transport=ALL-UNNAMED
22-Oct-2022 11:37:11.566 INFO [main] org.apache.catalina.startup.VersionLoggerListener.log Command line argument:             -Djava.util.logging.config.file=C:\Users\ramon\OneDrive\Documentos\Repositorio Local\myfistrepo\myportfolio\Backend\apache-tomcat-8.5.82\conf\logging.properties
22-Oct-2022 11:37:11.567 INFO [main] org.apache.catalina.startup.VersionLoggerListener.log Command line argument:             -Djava.util.logging.manager=org.apache.juli.ClassLoaderLogManager
22-Oct-2022 11:37:11.567 INFO [main] org.apache.catalina.startup.VersionLoggerListener.log Command line argument:             -Dhttp.nonProxyHosts=localhost|127.0.0.1|DESKTOP-EKSQ0KS
22-Oct-2022 11:37:11.568 INFO [main] org.apache.catalina.startup.VersionLoggerListener.log Command line argument:             -Djdk.tls.ephemeralDHKeySize=2048
22-Oct-2022 11:37:11.568 INFO [main] org.apache.catalina.startup.VersionLoggerListener.log Command line argument:             -Djava.protocol.handler.pkgs=org.apache.catalina.webresources
22-Oct-2022 11:37:11.569 INFO [main] org.apache.catalina.startup.VersionLoggerListener.log Command line argument:             -Dignore.endorsed.dirs=
22-Oct-2022 11:37:11.569 INFO [main] org.apache.catalina.startup.VersionLoggerListener.log Command line argument:             -Dcatalina.base=C:\Users\ramon\OneDrive\Documentos\Repositorio Local\myfistrepo\myportfolio\Backend\apache-tomcat-8.5.82
22-Oct-2022 11:37:11.570 INFO [main] org.apache.catalina.startup.VersionLoggerListener.log Command line argument:             -Dcatalina.home=C:\Users\ramon\OneDrive\Documentos\Repositorio Local\myfistrepo\myportfolio\Backend\apache-tomcat-8.5.82
22-Oct-2022 11:37:11.737 INFO [main] org.apache.catalina.startup.VersionLoggerListener.log Command line argument:             -Djava.io.tmpdir=C:\Users\ramon\OneDrive\Documentos\Repositorio Local\myfistrepo\myportfolio\Backend\apache-tomcat-8.5.82\temp
22-Oct-2022 11:37:11.738 INFO [main] org.apache.catalina.core.AprLifecycleListener.lifecycleEvent Cargada la biblioteca nativa APR de Apache Tomcat [1.2.35] con la versión APR [1.7.0].
22-Oct-2022 11:37:11.738 INFO [main] org.apache.catalina.core.AprLifecycleListener.lifecycleEvent Capacidades APR: IPv6 [true], enviar fichero [true], aceptar filtros [false], aleatorio [true], UDS [{4}].
22-Oct-2022 11:37:11.739 INFO [main] org.apache.catalina.core.AprLifecycleListener.lifecycleEvent APR/OpenSSL configuration: useAprConnector [false], useOpenSSL [true]
22-Oct-2022 11:37:12.018 INFO [main] org.apache.catalina.core.AprLifecycleListener.initializeSSL OpenSSL inicializado correctamente [OpenSSL 1.1.1q  5 Jul 2022]
22-Oct-2022 11:37:12.403 INFO [main] org.apache.coyote.AbstractProtocol.init Inicializando el manejador de protocolo ["http-nio-8080"]

22-Oct-2022 11:37:12.672 INFO [main] org.apache.catalina.startup.Catalina.load Initialization processed in 5707 ms
22-Oct-2022 11:37:13.046 INFO [main] org.apache.catalina.core.StandardService.startInternal Arrancando servicio [Catalina]
22-Oct-2022 11:37:13.047 INFO [main] org.apache.catalina.core.StandardEngine.startInternal Starting Servlet engine: [Apache Tomcat/8.5.82]
22-Oct-2022 11:37:13.196 INFO [localhost-startStop-1] org.apache.catalina.startup.HostConfig.deployDirectory Desplegando el directorio [C:\Users\ramon\OneDrive\Documentos\Repositorio Local\myfistrepo\myportfolio\Backend\apache-tomcat-8.5.82\webapps\docs] de la aplicación web
22-Oct-2022 11:37:16.451 INFO [localhost-startStop-1] org.apache.jasper.servlet.TldScanner.scanJars Al menos un JAR, que se ha explorado buscando TLDs, aún no contenía TLDs. Activar historial de depuración para este historiador para una completa lista de los JARs que fueron explorados y de los que nos se halló TLDs. Saltarse JARs no necesarios durante la exploración puede dar lugar a una mejora de tiempo significativa en el arranque y compilación de JSP .
22-Oct-2022 11:37:17.257 WARNING [localhost-startStop-1] org.apache.catalina.util.SessionIdGeneratorBase.createSecureRandom Creation of SecureRandom instance for session ID generation using [SHA1PRNG] took [555] milliseconds.
22-Oct-2022 11:37:17.494 INFO [localhost-startStop-1] org.apache.catalina.startup.HostConfig.deployDirectory Deployment of web application directory [C:\Users\ramon\OneDrive\Documentos\Repositorio Local\myfistrepo\myportfolio\Backend\apache-tomcat-8.5.82\webapps\docs] has finished in [4.299] ms
22-Oct-2022 11:37:17.497 INFO [localhost-startStop-1] org.apache.catalina.startup.HostConfig.deployDirectory Desplegando el directorio [C:\Users\ramon\OneDrive\Documentos\Repositorio Local\myfistrepo\myportfolio\Backend\apache-tomcat-8.5.82\webapps\examples] de la aplicación web
22-Oct-2022 11:37:24.564 INFO [localhost-startStop-1] org.apache.jasper.servlet.TldScanner.scanJars Al menos un JAR, que se ha explorado buscando TLDs, aún no contenía TLDs. Activar historial de depuración para este historiador para una completa lista de los JARs que fueron explorados y de los que nos se halló TLDs. Saltarse JARs no necesarios durante la exploración puede dar lugar a una mejora de tiempo significativa en el arranque y compilación de JSP .
22-Oct-2022 11:37:24.873 INFO [localhost-startStop-1] org.apache.catalina.startup.HostConfig.deployDirectory Deployment of web application directory [C:\Users\ramon\OneDrive\Documentos\Repositorio Local\myfistrepo\myportfolio\Backend\apache-tomcat-8.5.82\webapps\examples] has finished in [7.375] ms
22-Oct-2022 11:37:24.875 INFO [localhost-startStop-1] org.apache.catalina.startup.HostConfig.deployDirectory Desplegando el directorio [C:\Users\ramon\OneDrive\Documentos\Repositorio Local\myfistrepo\myportfolio\Backend\apache-tomcat-8.5.82\webapps\host-manager] de la aplicación web
22-Oct-2022 11:37:25.747 INFO [localhost-startStop-1] org.apache.jasper.servlet.TldScanner.scanJars Al menos un JAR, que se ha explorado buscando TLDs, aún no contenía TLDs. Activar historial de depuración para este historiador para una completa lista de los JARs que fueron explorados y de los que nos se halló TLDs. Saltarse JARs no necesarios durante la exploración puede dar lugar a una mejora de tiempo significativa en el arranque y compilación de JSP .
22-Oct-2022 11:37:26.450 INFO [localhost-startStop-1] org.apache.catalina.startup.HostConfig.deployDirectory Deployment of web application directory [C:\Users\ramon\OneDrive\Documentos\Repositorio Local\myfistrepo\myportfolio\Backend\apache-tomcat-8.5.82\webapps\host-manager] has finished in [1.575] ms
22-Oct-2022 11:37:26.451 INFO [localhost-startStop-1] org.apache.catalina.startup.HostConfig.deployDirectory Desplegando el directorio [C:\Users\ramon\OneDrive\Documentos\Repositorio Local\myfistrepo\myportfolio\Backend\apache-tomcat-8.5.82\webapps\manager] de la aplicación web
22-Oct-2022 11:37:28.009 INFO [localhost-startStop-1] org.apache.jasper.servlet.TldScanner.scanJars Al menos un JAR, que se ha explorado buscando TLDs, aún no contenía TLDs. Activar historial de depuración para este historiador para una completa lista de los JARs que fueron explorados y de los que nos se halló TLDs. Saltarse JARs no necesarios durante la exploración puede dar lugar a una mejora de tiempo significativa en el arranque y compilación de JSP .
22-Oct-2022 11:37:28.085 INFO [localhost-startStop-1] org.apache.catalina.startup.HostConfig.deployDirectory Deployment of web application directory [C:\Users\ramon\OneDrive\Documentos\Repositorio Local\myfistrepo\myportfolio\Backend\apache-tomcat-8.5.82\webapps\manager] has finished in [1.634] ms
22-Oct-2022 11:37:28.086 INFO [localhost-startStop-1] org.apache.catalina.startup.HostConfig.deployDirectory Desplegando el directorio [C:\Users\ramon\OneDrive\Documentos\Repositorio Local\myfistrepo\myportfolio\Backend\apache-tomcat-8.5.82\webapps\ROOT] de la aplicación web
22-Oct-2022 11:37:28.839 INFO [localhost-startStop-1] org.apache.jasper.servlet.TldScanner.scanJars Al menos un JAR, que se ha explorado buscando TLDs, aún no contenía TLDs. Activar historial de depuración para este historiador para una completa lista de los JARs que fueron explorados y de los que nos se halló TLDs. Saltarse JARs no necesarios durante la exploración puede dar lugar a una mejora de tiempo significativa en el arranque y compilación de JSP .
22-Oct-2022 11:37:28.858 INFO [localhost-startStop-1] org.apache.catalina.startup.HostConfig.deployDirectory Deployment of web application directory [C:\Users\ramon\OneDrive\Documentos\Repositorio Local\myfistrepo\myportfolio\Backend\apache-tomcat-8.5.82\webapps\ROOT] has finished in [772] ms
22-Oct-2022 11:37:28.868 INFO [main] org.apache.coyote.AbstractProtocol.start Starting ProtocolHandler ["http-nio-8080"]
22-Oct-2022 11:37:29.374 INFO [main] org.apache.catalina.startup.Catalina.start Server startup in 16697 ms
22-Oct-2022 11:40:49.595 INFO [main] org.apache.catalina.core.StandardServer.await Se ha recibido un comando de apagado a través del puerto de apagado. Parando la instancia del Servidor.
22-Oct-2022 11:40:49.596 INFO [main] org.apache.coyote.AbstractProtocol.pause Pausing ProtocolHandler ["http-nio-8080"]
22-Oct-2022 11:40:49.651 INFO [main] org.apache.catalina.core.StandardService.stopInternal Parando servicio [Catalina]
22-Oct-2022 11:40:49.791 INFO [main] org.apache.coyote.AbstractProtocol.stop Stopping ProtocolHandler ["http-nio-8080"]
22-Oct-2022 11:40:49.804 INFO [main] org.apache.coyote.AbstractProtocol.destroy Destroying ProtocolHandler ["http-nio-8080"]
22-Oct-2022 23:49:40.011 INFO [main] org.apache.catalina.startup.VersionLoggerListener.log Nombre de la versión del servidor: Apache Tomcat/8.5.82
22-Oct-2022 23:49:40.020 INFO [main] org.apache.catalina.startup.VersionLoggerListener.log Server built:                      Aug 8 2022 21:26:07 UTC
22-Oct-2022 23:49:40.021 INFO [main] org.apache.catalina.startup.VersionLoggerListener.log Número de versión de servidor:     8.5.82.0
22-Oct-2022 23:49:40.022 INFO [main] org.apache.catalina.startup.VersionLoggerListener.log OS Name:                           Windows 10
22-Oct-2022 23:49:40.023 INFO [main] org.apache.catalina.startup.VersionLoggerListener.log Versión de Systema Operativo:      10.0
22-Oct-2022 23:49:40.023 INFO [main] org.apache.catalina.startup.VersionLoggerListener.log Arquitectura:                      amd64
22-Oct-2022 23:49:40.024 INFO [main] org.apache.catalina.startup.VersionLoggerListener.log Java Home:                         E:\Program Files\Java\jdk-18.0.2.1
22-Oct-2022 23:49:40.025 INFO [main] org.apache.catalina.startup.VersionLoggerListener.log JVM Version:                       18.0.2.1+1-1
22-Oct-2022 23:49:40.026 INFO [main] org.apache.catalina.startup.VersionLoggerListener.log Vededor JVM:                       Oracle Corporation
22-Oct-2022 23:49:40.027 INFO [main] org.apache.catalina.startup.VersionLoggerListener.log CATALINA_BASE:                     C:\Users\ramon\OneDrive\Documentos\Repositorio Local\myfistrepo\myportfolio\Backend\apache-tomcat-8.5.82
22-Oct-2022 23:49:40.028 INFO [main] org.apache.catalina.startup.VersionLoggerListener.log CATALINA_HOME:                     C:\Users\ramon\OneDrive\Documentos\Repositorio Local\myfistrepo\myportfolio\Backend\apache-tomcat-8.5.82
22-Oct-2022 23:49:40.029 INFO [main] org.apache.catalina.startup.VersionLoggerListener.log Command line argument:             --add-opens=java.base/java.lang=ALL-UNNAMED
22-Oct-2022 23:49:40.030 INFO [main] org.apache.catalina.startup.VersionLoggerListener.log Command line argument:             --add-opens=java.base/java.io=ALL-UNNAMED
22-Oct-2022 23:49:40.031 INFO [main] org.apache.catalina.startup.VersionLoggerListener.log Command line argument:             --add-opens=java.base/java.util=ALL-UNNAMED
22-Oct-2022 23:49:40.032 INFO [main] org.apache.catalina.startup.VersionLoggerListener.log Command line argument:             --add-opens=java.base/java.util.concurrent=ALL-UNNAMED
22-Oct-2022 23:49:40.035 INFO [main] org.apache.catalina.startup.VersionLoggerListener.log Command line argument:             --add-opens=java.rmi/sun.rmi.transport=ALL-UNNAMED
22-Oct-2022 23:49:40.037 INFO [main] org.apache.catalina.startup.VersionLoggerListener.log Command line argument:             -Djava.util.logging.config.file=C:\Users\ramon\OneDrive\Documentos\Repositorio Local\myfistrepo\myportfolio\Backend\apache-tomcat-8.5.82\conf\logging.properties
22-Oct-2022 23:49:40.040 INFO [main] org.apache.catalina.startup.VersionLoggerListener.log Command line argument:             -Djava.util.logging.manager=org.apache.juli.ClassLoaderLogManager
22-Oct-2022 23:49:40.042 INFO [main] org.apache.catalina.startup.VersionLoggerListener.log Command line argument:             -Djdk.tls.ephemeralDHKeySize=2048
22-Oct-2022 23:49:40.049 INFO [main] org.apache.catalina.startup.VersionLoggerListener.log Command line argument:             -Djava.protocol.handler.pkgs=org.apache.catalina.webresources
22-Oct-2022 23:49:40.051 INFO [main] org.apache.catalina.startup.VersionLoggerListener.log Command line argument:             -Dignore.endorsed.dirs=
22-Oct-2022 23:49:40.053 INFO [main] org.apache.catalina.startup.VersionLoggerListener.log Command line argument:             -Dcatalina.base=C:\Users\ramon\OneDrive\Documentos\Repositorio Local\myfistrepo\myportfolio\Backend\apache-tomcat-8.5.82
22-Oct-2022 23:49:40.056 INFO [main] org.apache.catalina.startup.VersionLoggerListener.log Command line argument:             -Dcatalina.home=C:\Users\ramon\OneDrive\Documentos\Repositorio Local\myfistrepo\myportfolio\Backend\apache-tomcat-8.5.82
22-Oct-2022 23:49:40.060 INFO [main] org.apache.catalina.startup.VersionLoggerListener.log Command line argument:             -Djava.io.tmpdir=C:\Users\ramon\OneDrive\Documentos\Repositorio Local\myfistrepo\myportfolio\Backend\apache-tomcat-8.5.82\temp
22-Oct-2022 23:49:40.065 INFO [main] org.apache.catalina.core.AprLifecycleListener.lifecycleEvent Cargada la biblioteca nativa APR de Apache Tomcat [1.2.35] con la versión APR [1.7.0].
22-Oct-2022 23:49:40.067 INFO [main] org.apache.catalina.core.AprLifecycleListener.lifecycleEvent Capacidades APR: IPv6 [true], enviar fichero [true], aceptar filtros [false], aleatorio [true], UDS [{4}].
22-Oct-2022 23:49:40.069 INFO [main] org.apache.catalina.core.AprLifecycleListener.lifecycleEvent APR/OpenSSL configuration: useAprConnector [false], useOpenSSL [true]
22-Oct-2022 23:49:40.085 INFO [main] org.apache.catalina.core.AprLifecycleListener.initializeSSL OpenSSL inicializado correctamente [OpenSSL 1.1.1q  5 Jul 2022]
22-Oct-2022 23:49:40.268 INFO [main] org.apache.coyote.AbstractProtocol.init Inicializando el manejador de protocolo ["http-nio-8080"]

22-Oct-2022 23:49:40.364 INFO [main] org.apache.catalina.startup.Catalina.load Initialization processed in 1998 ms
22-Oct-2022 23:49:40.579 INFO [main] org.apache.catalina.core.StandardService.startInternal Arrancando servicio [Catalina]
22-Oct-2022 23:49:40.581 INFO [main] org.apache.catalina.core.StandardEngine.startInternal Starting Servlet engine: [Apache Tomcat/8.5.82]
22-Oct-2022 23:49:40.620 INFO [localhost-startStop-1] org.apache.catalina.startup.HostConfig.deployDirectory Desplegando el directorio [C:\Users\ramon\OneDrive\Documentos\Repositorio Local\myfistrepo\myportfolio\Backend\apache-tomcat-8.5.82\webapps\docs] de la aplicación web
22-Oct-2022 23:49:41.961 INFO [localhost-startStop-1] org.apache.jasper.servlet.TldScanner.scanJars Al menos un JAR, que se ha explorado buscando TLDs, aún no contenía TLDs. Activar historial de depuración para este historiador para una completa lista de los JARs que fueron explorados y de los que nos se halló TLDs. Saltarse JARs no necesarios durante la exploración puede dar lugar a una mejora de tiempo significativa en el arranque y compilación de JSP .
22-Oct-2022 23:49:42.202 WARNING [localhost-startStop-1] org.apache.catalina.util.SessionIdGeneratorBase.createSecureRandom Creation of SecureRandom instance for session ID generation using [SHA1PRNG] took [149] milliseconds.
22-Oct-2022 23:49:42.283 INFO [localhost-startStop-1] org.apache.catalina.startup.HostConfig.deployDirectory Deployment of web application directory [C:\Users\ramon\OneDrive\Documentos\Repositorio Local\myfistrepo\myportfolio\Backend\apache-tomcat-8.5.82\webapps\docs] has finished in [1.663] ms
22-Oct-2022 23:49:42.286 INFO [localhost-startStop-1] org.apache.catalina.startup.HostConfig.deployDirectory Desplegando el directorio [C:\Users\ramon\OneDrive\Documentos\Repositorio Local\myfistrepo\myportfolio\Backend\apache-tomcat-8.5.82\webapps\examples] de la aplicación web
22-Oct-2022 23:49:43.744 INFO [localhost-startStop-1] org.apache.jasper.servlet.TldScanner.scanJars Al menos un JAR, que se ha explorado buscando TLDs, aún no contenía TLDs. Activar historial de depuración para este historiador para una completa lista de los JARs que fueron explorados y de los que nos se halló TLDs. Saltarse JARs no necesarios durante la exploración puede dar lugar a una mejora de tiempo significativa en el arranque y compilación de JSP .
22-Oct-2022 23:49:43.958 INFO [localhost-startStop-1] org.apache.catalina.startup.HostConfig.deployDirectory Deployment of web application directory [C:\Users\ramon\OneDrive\Documentos\Repositorio Local\myfistrepo\myportfolio\Backend\apache-tomcat-8.5.82\webapps\examples] has finished in [1.672] ms
22-Oct-2022 23:49:43.960 INFO [localhost-startStop-1] org.apache.catalina.startup.HostConfig.deployDirectory Desplegando el directorio [C:\Users\ramon\OneDrive\Documentos\Repositorio Local\myfistrepo\myportfolio\Backend\apache-tomcat-8.5.82\webapps\host-manager] de la aplicación web
22-Oct-2022 23:49:44.280 INFO [localhost-startStop-1] org.apache.jasper.servlet.TldScanner.scanJars Al menos un JAR, que se ha explorado buscando TLDs, aún no contenía TLDs. Activar historial de depuración para este historiador para una completa lista de los JARs que fueron explorados y de los que nos se halló TLDs. Saltarse JARs no necesarios durante la exploración puede dar lugar a una mejora de tiempo significativa en el arranque y compilación de JSP .
22-Oct-2022 23:49:44.306 INFO [localhost-startStop-1] org.apache.catalina.startup.HostConfig.deployDirectory Deployment of web application directory [C:\Users\ramon\OneDrive\Documentos\Repositorio Local\myfistrepo\myportfolio\Backend\apache-tomcat-8.5.82\webapps\host-manager] has finished in [345] ms
22-Oct-2022 23:49:44.308 INFO [localhost-startStop-1] org.apache.catalina.startup.HostConfig.deployDirectory Desplegando el directorio [C:\Users\ramon\OneDrive\Documentos\Repositorio Local\myfistrepo\myportfolio\Backend\apache-tomcat-8.5.82\webapps\manager] de la aplicación web
22-Oct-2022 23:49:44.704 INFO [localhost-startStop-1] org.apache.jasper.servlet.TldScanner.scanJars Al menos un JAR, que se ha explorado buscando TLDs, aún no contenía TLDs. Activar historial de depuración para este historiador para una completa lista de los JARs que fueron explorados y de los que nos se halló TLDs. Saltarse JARs no necesarios durante la exploración puede dar lugar a una mejora de tiempo significativa en el arranque y compilación de JSP .
22-Oct-2022 23:49:44.719 INFO [localhost-startStop-1] org.apache.catalina.startup.HostConfig.deployDirectory Deployment of web application directory [C:\Users\ramon\OneDrive\Documentos\Repositorio Local\myfistrepo\myportfolio\Backend\apache-tomcat-8.5.82\webapps\manager] has finished in [410] ms
22-Oct-2022 23:49:44.721 INFO [localhost-startStop-1] org.apache.catalina.startup.HostConfig.deployDirectory Desplegando el directorio [C:\Users\ramon\OneDrive\Documentos\Repositorio Local\myfistrepo\myportfolio\Backend\apache-tomcat-8.5.82\webapps\ROOT] de la aplicación web
22-Oct-2022 23:49:44.964 INFO [localhost-startStop-1] org.apache.jasper.servlet.TldScanner.scanJars Al menos un JAR, que se ha explorado buscando TLDs, aún no contenía TLDs. Activar historial de depuración para este historiador para una completa lista de los JARs que fueron explorados y de los que nos se halló TLDs. Saltarse JARs no necesarios durante la exploración puede dar lugar a una mejora de tiempo significativa en el arranque y compilación de JSP .
22-Oct-2022 23:49:44.977 INFO [localhost-startStop-1] org.apache.catalina.startup.HostConfig.deployDirectory Deployment of web application directory [C:\Users\ramon\OneDrive\Documentos\Repositorio Local\myfistrepo\myportfolio\Backend\apache-tomcat-8.5.82\webapps\ROOT] has finished in [255] ms
22-Oct-2022 23:49:44.984 INFO [main] org.apache.coyote.AbstractProtocol.start Starting ProtocolHandler ["http-nio-8080"]
22-Oct-2022 23:49:45.187 INFO [main] org.apache.catalina.startup.Catalina.start Server startup in 4819 ms
