13-Sep-2022 14:43:24.753 INFO [localhost-startStop-1] org.apache.catalina.core.ApplicationContext.log No Spring WebApplicationInitializer types detected on classpath
13-Sep-2022 14:43:24.851 INFO [localhost-startStop-1] org.apache.catalina.core.ApplicationContext.log Initializing Spring root WebApplicationContext
13-Sep-2022 14:43:30.499 INFO [localhost-startStop-1] org.apache.catalina.core.ApplicationContext.log Initializing Spring DispatcherServlet 'dispatcher'
13-Sep-2022 14:43:52.612 INFO [localhost-startStop-1] org.apache.catalina.core.ApplicationContext.log ContextListener: contextInitialized()
13-Sep-2022 14:43:52.612 INFO [localhost-startStop-1] org.apache.catalina.core.ApplicationContext.log SessionListener: contextInitialized()
13-Sep-2022 14:43:52.684 INFO [localhost-startStop-1] org.apache.catalina.core.ApplicationContext.log ContextListener: attributeAdded('StockTicker', 'async.Stockticker@41d91eb8')
13-Sep-2022 15:40:36.753 INFO [localhost-startStop-1] org.apache.catalina.core.ApplicationContext.log No Spring WebApplicationInitializer types detected on classpath
13-Sep-2022 15:40:36.883 INFO [localhost-startStop-1] org.apache.catalina.core.ApplicationContext.log Initializing Spring root WebApplicationContext
13-Sep-2022 15:40:41.769 INFO [localhost-startStop-1] org.apache.catalina.core.ApplicationContext.log Initializing Spring DispatcherServlet 'dispatcher'
13-Sep-2022 15:41:28.598 INFO [localhost-startStop-1] org.apache.catalina.core.ApplicationContext.log ContextListener: contextInitialized()
13-Sep-2022 15:41:28.599 INFO [localhost-startStop-1] org.apache.catalina.core.ApplicationContext.log SessionListener: contextInitialized()
13-Sep-2022 15:41:28.796 INFO [localhost-startStop-1] org.apache.catalina.core.ApplicationContext.log ContextListener: attributeAdded('StockTicker', 'async.Stockticker@24db534e')
13-Sep-2022 16:03:51.984 INFO [http-nio-8080-exec-35] org.apache.catalina.core.ApplicationContext.log Destroying Spring FrameworkServlet 'dispatcher'
13-Sep-2022 16:03:52.062 INFO [http-nio-8080-exec-35] org.apache.catalina.core.ApplicationContext.log Closing Spring root WebApplicationContext
13-Sep-2022 16:04:21.844 INFO [http-nio-8080-exec-35] org.apache.catalina.core.ApplicationContext.log No Spring WebApplicationInitializer types detected on classpath
13-Sep-2022 16:04:21.959 INFO [http-nio-8080-exec-35] org.apache.catalina.core.ApplicationContext.log Initializing Spring root WebApplicationContext
13-Sep-2022 16:04:25.547 INFO [http-nio-8080-exec-35] org.apache.catalina.core.ApplicationContext.log Initializing Spring DispatcherServlet 'dispatcher'
13-Sep-2022 16:04:28.626 INFO [http-nio-8080-exec-46] org.apache.catalina.core.ApplicationContext.log Destroying Spring FrameworkServlet 'dispatcher'
13-Sep-2022 16:04:28.633 INFO [http-nio-8080-exec-46] org.apache.catalina.core.ApplicationContext.log Closing Spring root WebApplicationContext
13-Sep-2022 16:04:46.957 INFO [http-nio-8080-exec-46] org.apache.catalina.core.ApplicationContext.log No Spring WebApplicationInitializer types detected on classpath
13-Sep-2022 16:04:47.074 INFO [http-nio-8080-exec-46] org.apache.catalina.core.ApplicationContext.log Initializing Spring root WebApplicationContext
13-Sep-2022 16:04:50.439 INFO [http-nio-8080-exec-46] org.apache.catalina.core.ApplicationContext.log Initializing Spring DispatcherServlet 'dispatcher'
13-Sep-2022 16:18:25.815 INFO [http-nio-8080-exec-52] org.apache.catalina.core.ApplicationContext.log Destroying Spring FrameworkServlet 'dispatcher'
13-Sep-2022 16:18:25.821 INFO [http-nio-8080-exec-52] org.apache.catalina.core.ApplicationContext.log Closing Spring root WebApplicationContext
13-Sep-2022 16:18:47.463 INFO [http-nio-8080-exec-52] org.apache.catalina.core.ApplicationContext.log No Spring WebApplicationInitializer types detected on classpath
13-Sep-2022 16:18:47.508 INFO [http-nio-8080-exec-52] org.apache.catalina.core.ApplicationContext.log Initializing Spring root WebApplicationContext
13-Sep-2022 16:18:48.861 INFO [http-nio-8080-exec-52] org.apache.catalina.core.ApplicationContext.log Initializing Spring DispatcherServlet 'dispatcher'
13-Sep-2022 16:19:49.817 INFO [http-nio-8080-exec-55] org.apache.catalina.core.ApplicationContext.log Destroying Spring FrameworkServlet 'dispatcher'
13-Sep-2022 16:19:49.824 INFO [http-nio-8080-exec-55] org.apache.catalina.core.ApplicationContext.log Closing Spring root WebApplicationContext
13-Sep-2022 16:20:12.764 INFO [http-nio-8080-exec-55] org.apache.catalina.core.ApplicationContext.log No Spring WebApplicationInitializer types detected on classpath
13-Sep-2022 16:20:12.804 INFO [http-nio-8080-exec-55] org.apache.catalina.core.ApplicationContext.log Initializing Spring root WebApplicationContext
13-Sep-2022 16:20:13.948 INFO [http-nio-8080-exec-55] org.apache.catalina.core.ApplicationContext.log Initializing Spring DispatcherServlet 'dispatcher'
13-Sep-2022 16:20:15.996 INFO [http-nio-8080-exec-56] org.apache.catalina.core.ApplicationContext.log Destroying Spring FrameworkServlet 'dispatcher'
13-Sep-2022 16:20:16.002 INFO [http-nio-8080-exec-56] org.apache.catalina.core.ApplicationContext.log Closing Spring root WebApplicationContext
13-Sep-2022 16:20:36.324 INFO [http-nio-8080-exec-56] org.apache.catalina.core.ApplicationContext.log No Spring WebApplicationInitializer types detected on classpath
13-Sep-2022 16:20:36.366 INFO [http-nio-8080-exec-56] org.apache.catalina.core.ApplicationContext.log Initializing Spring root WebApplicationContext
13-Sep-2022 16:20:37.664 INFO [http-nio-8080-exec-56] org.apache.catalina.core.ApplicationContext.log Initializing Spring DispatcherServlet 'dispatcher'
13-Sep-2022 16:23:42.399 INFO [http-nio-8080-exec-67] org.apache.catalina.core.ApplicationContext.log Destroying Spring FrameworkServlet 'dispatcher'
13-Sep-2022 16:23:42.404 INFO [http-nio-8080-exec-67] org.apache.catalina.core.ApplicationContext.log Closing Spring root WebApplicationContext
13-Sep-2022 16:24:08.685 INFO [http-nio-8080-exec-67] org.apache.catalina.core.ApplicationContext.log No Spring WebApplicationInitializer types detected on classpath
13-Sep-2022 16:24:08.737 INFO [http-nio-8080-exec-67] org.apache.catalina.core.ApplicationContext.log Initializing Spring root WebApplicationContext
13-Sep-2022 16:24:10.264 INFO [http-nio-8080-exec-67] org.apache.catalina.core.ApplicationContext.log Initializing Spring DispatcherServlet 'dispatcher'
13-Sep-2022 16:25:48.021 INFO [http-nio-8080-exec-66] org.apache.catalina.core.ApplicationContext.log Destroying Spring FrameworkServlet 'dispatcher'
13-Sep-2022 16:25:48.033 INFO [http-nio-8080-exec-66] org.apache.catalina.core.ApplicationContext.log Closing Spring root WebApplicationContext
13-Sep-2022 16:26:16.299 INFO [http-nio-8080-exec-66] org.apache.catalina.core.ApplicationContext.log No Spring WebApplicationInitializer types detected on classpath
13-Sep-2022 16:26:16.400 INFO [http-nio-8080-exec-66] org.apache.catalina.core.ApplicationContext.log Initializing Spring root WebApplicationContext
13-Sep-2022 16:26:18.042 INFO [http-nio-8080-exec-66] org.apache.catalina.core.ApplicationContext.log Initializing Spring DispatcherServlet 'dispatcher'
13-Sep-2022 16:27:48.578 INFO [http-nio-8080-exec-80] org.apache.catalina.core.ApplicationContext.log Destroying Spring FrameworkServlet 'dispatcher'
13-Sep-2022 16:27:48.581 INFO [http-nio-8080-exec-80] org.apache.catalina.core.ApplicationContext.log Closing Spring root WebApplicationContext
13-Sep-2022 16:28:09.183 INFO [http-nio-8080-exec-80] org.apache.catalina.core.ApplicationContext.log No Spring WebApplicationInitializer types detected on classpath
13-Sep-2022 16:28:09.234 INFO [http-nio-8080-exec-80] org.apache.catalina.core.ApplicationContext.log Initializing Spring root WebApplicationContext
13-Sep-2022 16:28:10.375 INFO [http-nio-8080-exec-80] org.apache.catalina.core.ApplicationContext.log Initializing Spring DispatcherServlet 'dispatcher'
13-Sep-2022 16:38:20.862 INFO [http-nio-8080-exec-84] org.apache.catalina.core.ApplicationContext.log Destroying Spring FrameworkServlet 'dispatcher'
13-Sep-2022 16:38:20.866 INFO [http-nio-8080-exec-84] org.apache.catalina.core.ApplicationContext.log Closing Spring root WebApplicationContext
13-Sep-2022 16:38:34.749 INFO [http-nio-8080-exec-84] org.apache.catalina.core.ApplicationContext.log No Spring WebApplicationInitializer types detected on classpath
13-Sep-2022 16:38:34.790 INFO [http-nio-8080-exec-84] org.apache.catalina.core.ApplicationContext.log Initializing Spring root WebApplicationContext
13-Sep-2022 16:38:35.987 INFO [http-nio-8080-exec-84] org.apache.catalina.core.ApplicationContext.log Initializing Spring DispatcherServlet 'dispatcher'
13-Sep-2022 16:39:17.113 INFO [http-nio-8080-exec-83] org.apache.catalina.core.ApplicationContext.log Destroying Spring FrameworkServlet 'dispatcher'
13-Sep-2022 16:39:17.116 INFO [http-nio-8080-exec-83] org.apache.catalina.core.ApplicationContext.log Closing Spring root WebApplicationContext
13-Sep-2022 16:39:37.820 INFO [http-nio-8080-exec-83] org.apache.catalina.core.ApplicationContext.log No Spring WebApplicationInitializer types detected on classpath
13-Sep-2022 16:39:37.867 INFO [http-nio-8080-exec-83] org.apache.catalina.core.ApplicationContext.log Initializing Spring root WebApplicationContext
13-Sep-2022 16:39:39.036 INFO [http-nio-8080-exec-83] org.apache.catalina.core.ApplicationContext.log Initializing Spring DispatcherServlet 'dispatcher'
13-Sep-2022 16:46:11.274 INFO [http-nio-8080-exec-97] org.apache.catalina.core.ApplicationContext.log Destroying Spring FrameworkServlet 'dispatcher'
13-Sep-2022 16:46:11.281 INFO [http-nio-8080-exec-97] org.apache.catalina.core.ApplicationContext.log Closing Spring root WebApplicationContext
13-Sep-2022 16:46:31.476 INFO [http-nio-8080-exec-97] org.apache.catalina.core.ApplicationContext.log No Spring WebApplicationInitializer types detected on classpath
13-Sep-2022 16:46:31.520 INFO [http-nio-8080-exec-97] org.apache.catalina.core.ApplicationContext.log Initializing Spring root WebApplicationContext
13-Sep-2022 16:46:33.417 INFO [http-nio-8080-exec-97] org.apache.catalina.core.ApplicationContext.log Initializing Spring DispatcherServlet 'dispatcher'
13-Sep-2022 16:49:41.893 INFO [http-nio-8080-exec-105] org.apache.catalina.core.ApplicationContext.log Destroying Spring FrameworkServlet 'dispatcher'
13-Sep-2022 16:49:41.906 INFO [http-nio-8080-exec-105] org.apache.catalina.core.ApplicationContext.log Closing Spring root WebApplicationContext
13-Sep-2022 16:50:17.389 INFO [http-nio-8080-exec-105] org.apache.catalina.core.ApplicationContext.log No Spring WebApplicationInitializer types detected on classpath
13-Sep-2022 16:50:17.434 INFO [http-nio-8080-exec-105] org.apache.catalina.core.ApplicationContext.log Initializing Spring root WebApplicationContext
13-Sep-2022 16:50:18.632 INFO [http-nio-8080-exec-105] org.apache.catalina.core.ApplicationContext.log Initializing Spring DispatcherServlet 'dispatcher'
13-Sep-2022 16:50:21.016 INFO [http-nio-8080-exec-109] org.apache.catalina.core.ApplicationContext.log Destroying Spring FrameworkServlet 'dispatcher'
13-Sep-2022 16:50:21.024 INFO [http-nio-8080-exec-109] org.apache.catalina.core.ApplicationContext.log Closing Spring root WebApplicationContext
13-Sep-2022 16:50:53.093 INFO [http-nio-8080-exec-109] org.apache.catalina.core.ApplicationContext.log No Spring WebApplicationInitializer types detected on classpath
13-Sep-2022 16:50:53.142 INFO [http-nio-8080-exec-109] org.apache.catalina.core.ApplicationContext.log Initializing Spring root WebApplicationContext
13-Sep-2022 16:50:54.341 INFO [http-nio-8080-exec-109] org.apache.catalina.core.ApplicationContext.log Initializing Spring DispatcherServlet 'dispatcher'
13-Sep-2022 16:50:56.548 INFO [http-nio-8080-exec-100] org.apache.catalina.core.ApplicationContext.log Destroying Spring FrameworkServlet 'dispatcher'
13-Sep-2022 16:50:56.554 INFO [http-nio-8080-exec-100] org.apache.catalina.core.ApplicationContext.log Closing Spring root WebApplicationContext
13-Sep-2022 16:51:23.577 INFO [http-nio-8080-exec-100] org.apache.catalina.core.ApplicationContext.log No Spring WebApplicationInitializer types detected on classpath
13-Sep-2022 16:51:23.678 INFO [http-nio-8080-exec-100] org.apache.catalina.core.ApplicationContext.log Initializing Spring root WebApplicationContext
13-Sep-2022 16:51:25.244 INFO [http-nio-8080-exec-100] org.apache.catalina.core.ApplicationContext.log Initializing Spring DispatcherServlet 'dispatcher'
13-Sep-2022 16:52:00.770 INFO [http-nio-8080-exec-114] org.apache.catalina.core.ApplicationContext.log Destroying Spring FrameworkServlet 'dispatcher'
13-Sep-2022 16:52:00.777 INFO [http-nio-8080-exec-114] org.apache.catalina.core.ApplicationContext.log Closing Spring root WebApplicationContext
13-Sep-2022 17:52:05.585 INFO [http-nio-8080-exec-124] org.apache.catalina.core.ApplicationContext.log No Spring WebApplicationInitializer types detected on classpath
13-Sep-2022 17:52:05.679 INFO [http-nio-8080-exec-124] org.apache.catalina.core.ApplicationContext.log Initializing Spring root WebApplicationContext
13-Sep-2022 17:52:07.788 INFO [http-nio-8080-exec-124] org.apache.catalina.core.ApplicationContext.log Initializing Spring DispatcherServlet 'dispatcher'
13-Sep-2022 19:30:14.018 INFO [http-nio-8080-exec-116] org.apache.catalina.core.ApplicationContext.log Destroying Spring FrameworkServlet 'dispatcher'
13-Sep-2022 19:30:14.771 INFO [http-nio-8080-exec-116] org.apache.catalina.core.ApplicationContext.log Closing Spring root WebApplicationContext
13-Sep-2022 19:30:44.977 INFO [http-nio-8080-exec-116] org.apache.catalina.core.ApplicationContext.log No Spring WebApplicationInitializer types detected on classpath
13-Sep-2022 19:30:46.357 INFO [http-nio-8080-exec-116] org.apache.catalina.core.ApplicationContext.log Initializing Spring root WebApplicationContext
13-Sep-2022 19:30:47.689 INFO [http-nio-8080-exec-116] org.apache.catalina.core.ApplicationContext.log Initializing Spring DispatcherServlet 'dispatcher'
13-Sep-2022 19:35:11.955 INFO [http-nio-8080-exec-129] org.apache.catalina.core.ApplicationContext.log Destroying Spring FrameworkServlet 'dispatcher'
13-Sep-2022 19:35:11.974 INFO [http-nio-8080-exec-129] org.apache.catalina.core.ApplicationContext.log Closing Spring root WebApplicationContext
13-Sep-2022 19:35:40.278 INFO [http-nio-8080-exec-129] org.apache.catalina.core.ApplicationContext.log No Spring WebApplicationInitializer types detected on classpath
13-Sep-2022 19:35:40.342 INFO [http-nio-8080-exec-129] org.apache.catalina.core.ApplicationContext.log Initializing Spring root WebApplicationContext
13-Sep-2022 19:35:41.981 INFO [http-nio-8080-exec-129] org.apache.catalina.core.ApplicationContext.log Initializing Spring DispatcherServlet 'dispatcher'
13-Sep-2022 19:35:44.877 INFO [http-nio-8080-exec-131] org.apache.catalina.core.ApplicationContext.log Destroying Spring FrameworkServlet 'dispatcher'
13-Sep-2022 19:35:44.881 INFO [http-nio-8080-exec-131] org.apache.catalina.core.ApplicationContext.log Closing Spring root WebApplicationContext
13-Sep-2022 19:36:09.610 INFO [http-nio-8080-exec-131] org.apache.catalina.core.ApplicationContext.log No Spring WebApplicationInitializer types detected on classpath
13-Sep-2022 19:36:09.661 INFO [http-nio-8080-exec-131] org.apache.catalina.core.ApplicationContext.log Initializing Spring root WebApplicationContext
13-Sep-2022 19:36:10.888 INFO [http-nio-8080-exec-131] org.apache.catalina.core.ApplicationContext.log Initializing Spring DispatcherServlet 'dispatcher'
13-Sep-2022 19:36:19.496 INFO [http-nio-8080-exec-126] org.apache.catalina.core.ApplicationContext.log Destroying Spring FrameworkServlet 'dispatcher'
13-Sep-2022 19:36:19.501 INFO [http-nio-8080-exec-126] org.apache.catalina.core.ApplicationContext.log Closing Spring root WebApplicationContext
13-Sep-2022 19:36:47.833 INFO [http-nio-8080-exec-126] org.apache.catalina.core.ApplicationContext.log No Spring WebApplicationInitializer types detected on classpath
13-Sep-2022 19:36:47.895 INFO [http-nio-8080-exec-126] org.apache.catalina.core.ApplicationContext.log Initializing Spring root WebApplicationContext
13-Sep-2022 19:36:49.731 INFO [http-nio-8080-exec-126] org.apache.catalina.core.ApplicationContext.log Initializing Spring DispatcherServlet 'dispatcher'
13-Sep-2022 19:36:52.500 INFO [http-nio-8080-exec-130] org.apache.catalina.core.ApplicationContext.log Destroying Spring FrameworkServlet 'dispatcher'
13-Sep-2022 19:36:52.503 INFO [http-nio-8080-exec-130] org.apache.catalina.core.ApplicationContext.log Closing Spring root WebApplicationContext
13-Sep-2022 19:37:21.671 INFO [http-nio-8080-exec-130] org.apache.catalina.core.ApplicationContext.log No Spring WebApplicationInitializer types detected on classpath
13-Sep-2022 19:37:21.721 INFO [http-nio-8080-exec-130] org.apache.catalina.core.ApplicationContext.log Initializing Spring root WebApplicationContext
13-Sep-2022 19:37:23.126 INFO [http-nio-8080-exec-130] org.apache.catalina.core.ApplicationContext.log Initializing Spring DispatcherServlet 'dispatcher'
13-Sep-2022 19:37:59.787 INFO [http-nio-8080-exec-136] org.apache.catalina.core.ApplicationContext.log Destroying Spring FrameworkServlet 'dispatcher'
13-Sep-2022 19:37:59.792 INFO [http-nio-8080-exec-136] org.apache.catalina.core.ApplicationContext.log Closing Spring root WebApplicationContext
13-Sep-2022 19:38:27.146 INFO [http-nio-8080-exec-136] org.apache.catalina.core.ApplicationContext.log No Spring WebApplicationInitializer types detected on classpath
13-Sep-2022 19:38:27.214 INFO [http-nio-8080-exec-136] org.apache.catalina.core.ApplicationContext.log Initializing Spring root WebApplicationContext
13-Sep-2022 19:38:28.845 INFO [http-nio-8080-exec-136] org.apache.catalina.core.ApplicationContext.log Initializing Spring DispatcherServlet 'dispatcher'
13-Sep-2022 19:43:19.998 INFO [http-nio-8080-exec-145] org.apache.catalina.core.ApplicationContext.log Destroying Spring FrameworkServlet 'dispatcher'
13-Sep-2022 19:43:20.008 INFO [http-nio-8080-exec-145] org.apache.catalina.core.ApplicationContext.log Closing Spring root WebApplicationContext
13-Sep-2022 19:43:50.531 INFO [http-nio-8080-exec-145] org.apache.catalina.core.ApplicationContext.log No Spring WebApplicationInitializer types detected on classpath
13-Sep-2022 19:43:50.594 INFO [http-nio-8080-exec-145] org.apache.catalina.core.ApplicationContext.log Initializing Spring root WebApplicationContext
13-Sep-2022 19:43:51.797 INFO [http-nio-8080-exec-145] org.apache.catalina.core.ApplicationContext.log Initializing Spring DispatcherServlet 'dispatcher'
13-Sep-2022 19:43:54.064 INFO [http-nio-8080-exec-150] org.apache.catalina.core.ApplicationContext.log Destroying Spring FrameworkServlet 'dispatcher'
13-Sep-2022 19:43:54.067 INFO [http-nio-8080-exec-150] org.apache.catalina.core.ApplicationContext.log Closing Spring root WebApplicationContext
13-Sep-2022 19:44:20.251 INFO [http-nio-8080-exec-150] org.apache.catalina.core.ApplicationContext.log No Spring WebApplicationInitializer types detected on classpath
13-Sep-2022 19:44:20.309 INFO [http-nio-8080-exec-150] org.apache.catalina.core.ApplicationContext.log Initializing Spring root WebApplicationContext
13-Sep-2022 19:44:22.996 INFO [http-nio-8080-exec-150] org.apache.catalina.core.ApplicationContext.log Initializing Spring DispatcherServlet 'dispatcher'
13-Sep-2022 19:48:29.620 INFO [http-nio-8080-exec-157] org.apache.catalina.core.ApplicationContext.log Destroying Spring FrameworkServlet 'dispatcher'
13-Sep-2022 19:48:29.623 INFO [http-nio-8080-exec-157] org.apache.catalina.core.ApplicationContext.log Closing Spring root WebApplicationContext
13-Sep-2022 19:49:07.556 INFO [http-nio-8080-exec-157] org.apache.catalina.core.ApplicationContext.log No Spring WebApplicationInitializer types detected on classpath
13-Sep-2022 19:49:07.679 INFO [http-nio-8080-exec-157] org.apache.catalina.core.ApplicationContext.log Initializing Spring root WebApplicationContext
13-Sep-2022 19:49:10.660 INFO [http-nio-8080-exec-157] org.apache.catalina.core.ApplicationContext.log Initializing Spring DispatcherServlet 'dispatcher'
13-Sep-2022 19:49:14.412 INFO [http-nio-8080-exec-154] org.apache.catalina.core.ApplicationContext.log Destroying Spring FrameworkServlet 'dispatcher'
13-Sep-2022 19:49:14.420 INFO [http-nio-8080-exec-154] org.apache.catalina.core.ApplicationContext.log Closing Spring root WebApplicationContext
13-Sep-2022 19:49:43.452 INFO [http-nio-8080-exec-154] org.apache.catalina.core.ApplicationContext.log No Spring WebApplicationInitializer types detected on classpath
13-Sep-2022 19:49:43.496 INFO [http-nio-8080-exec-154] org.apache.catalina.core.ApplicationContext.log Initializing Spring root WebApplicationContext
13-Sep-2022 19:49:44.788 INFO [http-nio-8080-exec-154] org.apache.catalina.core.ApplicationContext.log Initializing Spring DispatcherServlet 'dispatcher'
13-Sep-2022 19:50:17.946 INFO [http-nio-8080-exec-156] org.apache.catalina.core.ApplicationContext.log Destroying Spring FrameworkServlet 'dispatcher'
13-Sep-2022 19:50:17.950 INFO [http-nio-8080-exec-156] org.apache.catalina.core.ApplicationContext.log Closing Spring root WebApplicationContext
13-Sep-2022 19:50:43.335 INFO [http-nio-8080-exec-156] org.apache.catalina.core.ApplicationContext.log No Spring WebApplicationInitializer types detected on classpath
13-Sep-2022 19:50:43.386 INFO [http-nio-8080-exec-156] org.apache.catalina.core.ApplicationContext.log Initializing Spring root WebApplicationContext
13-Sep-2022 19:50:45.537 INFO [http-nio-8080-exec-156] org.apache.catalina.core.ApplicationContext.log Initializing Spring DispatcherServlet 'dispatcher'
13-Sep-2022 20:18:34.707 INFO [http-nio-8080-exec-171] org.apache.catalina.core.ApplicationContext.log Destroying Spring FrameworkServlet 'dispatcher'
13-Sep-2022 20:18:34.721 INFO [http-nio-8080-exec-171] org.apache.catalina.core.ApplicationContext.log Closing Spring root WebApplicationContext
13-Sep-2022 20:19:04.990 INFO [http-nio-8080-exec-171] org.apache.catalina.core.ApplicationContext.log No Spring WebApplicationInitializer types detected on classpath
13-Sep-2022 20:19:05.058 INFO [http-nio-8080-exec-171] org.apache.catalina.core.ApplicationContext.log Initializing Spring root WebApplicationContext
13-Sep-2022 20:19:06.688 INFO [http-nio-8080-exec-171] org.apache.catalina.core.ApplicationContext.log Initializing Spring DispatcherServlet 'dispatcher'
13-Sep-2022 20:19:08.794 INFO [http-nio-8080-exec-179] org.apache.catalina.core.ApplicationContext.log Destroying Spring FrameworkServlet 'dispatcher'
13-Sep-2022 20:19:08.797 INFO [http-nio-8080-exec-179] org.apache.catalina.core.ApplicationContext.log Closing Spring root WebApplicationContext
13-Sep-2022 20:19:33.698 INFO [http-nio-8080-exec-177] org.apache.catalina.core.ApplicationContext.log No Spring WebApplicationInitializer types detected on classpath
13-Sep-2022 20:19:33.768 INFO [http-nio-8080-exec-177] org.apache.catalina.core.ApplicationContext.log Initializing Spring root WebApplicationContext
13-Sep-2022 20:19:35.243 INFO [http-nio-8080-exec-177] org.apache.catalina.core.ApplicationContext.log Initializing Spring DispatcherServlet 'dispatcher'
13-Sep-2022 20:46:13.461 INFO [http-nio-8080-exec-184] org.apache.catalina.core.ApplicationContext.log Destroying Spring FrameworkServlet 'dispatcher'
13-Sep-2022 20:46:13.484 INFO [http-nio-8080-exec-184] org.apache.catalina.core.ApplicationContext.log Closing Spring root WebApplicationContext
13-Sep-2022 20:46:53.054 INFO [http-nio-8080-exec-184] org.apache.catalina.core.ApplicationContext.log No Spring WebApplicationInitializer types detected on classpath
13-Sep-2022 20:46:53.110 INFO [http-nio-8080-exec-184] org.apache.catalina.core.ApplicationContext.log Initializing Spring root WebApplicationContext
13-Sep-2022 20:46:54.727 INFO [http-nio-8080-exec-184] org.apache.catalina.core.ApplicationContext.log Initializing Spring DispatcherServlet 'dispatcher'
13-Sep-2022 20:47:24.878 INFO [http-nio-8080-exec-181] org.apache.catalina.core.ApplicationContext.log Destroying Spring FrameworkServlet 'dispatcher'
13-Sep-2022 20:47:24.891 INFO [http-nio-8080-exec-181] org.apache.catalina.core.ApplicationContext.log Closing Spring root WebApplicationContext
13-Sep-2022 20:48:05.399 INFO [http-nio-8080-exec-181] org.apache.catalina.core.ApplicationContext.log No Spring WebApplicationInitializer types detected on classpath
13-Sep-2022 20:48:05.510 INFO [http-nio-8080-exec-181] org.apache.catalina.core.ApplicationContext.log Initializing Spring root WebApplicationContext
13-Sep-2022 20:48:08.716 INFO [http-nio-8080-exec-181] org.apache.catalina.core.ApplicationContext.log Initializing Spring DispatcherServlet 'dispatcher'
13-Sep-2022 20:48:12.601 INFO [http-nio-8080-exec-194] org.apache.catalina.core.ApplicationContext.log Destroying Spring FrameworkServlet 'dispatcher'
13-Sep-2022 20:48:12.607 INFO [http-nio-8080-exec-194] org.apache.catalina.core.ApplicationContext.log Closing Spring root WebApplicationContext
13-Sep-2022 20:48:50.817 INFO [http-nio-8080-exec-194] org.apache.catalina.core.ApplicationContext.log No Spring WebApplicationInitializer types detected on classpath
13-Sep-2022 20:48:50.962 INFO [http-nio-8080-exec-194] org.apache.catalina.core.ApplicationContext.log Initializing Spring root WebApplicationContext
13-Sep-2022 20:48:54.144 INFO [http-nio-8080-exec-194] org.apache.catalina.core.ApplicationContext.log Initializing Spring DispatcherServlet 'dispatcher'
13-Sep-2022 20:49:55.857 INFO [http-nio-8080-exec-186] org.apache.catalina.core.ApplicationContext.log Destroying Spring FrameworkServlet 'dispatcher'
13-Sep-2022 20:49:55.870 INFO [http-nio-8080-exec-186] org.apache.catalina.core.ApplicationContext.log Closing Spring root WebApplicationContext
13-Sep-2022 20:50:35.167 INFO [http-nio-8080-exec-186] org.apache.catalina.core.ApplicationContext.log No Spring WebApplicationInitializer types detected on classpath
13-Sep-2022 20:50:35.270 INFO [http-nio-8080-exec-186] org.apache.catalina.core.ApplicationContext.log Initializing Spring root WebApplicationContext
13-Sep-2022 20:50:37.401 INFO [http-nio-8080-exec-186] org.apache.catalina.core.ApplicationContext.log Initializing Spring DispatcherServlet 'dispatcher'
13-Sep-2022 20:51:32.013 INFO [http-nio-8080-exec-204] org.apache.catalina.core.ApplicationContext.log Destroying Spring FrameworkServlet 'dispatcher'
13-Sep-2022 20:51:32.022 INFO [http-nio-8080-exec-204] org.apache.catalina.core.ApplicationContext.log Closing Spring root WebApplicationContext
13-Sep-2022 20:52:13.660 INFO [http-nio-8080-exec-204] org.apache.catalina.core.ApplicationContext.log No Spring WebApplicationInitializer types detected on classpath
13-Sep-2022 20:52:13.775 INFO [http-nio-8080-exec-204] org.apache.catalina.core.ApplicationContext.log Initializing Spring root WebApplicationContext
13-Sep-2022 20:52:16.256 INFO [http-nio-8080-exec-204] org.apache.catalina.core.ApplicationContext.log Initializing Spring DispatcherServlet 'dispatcher'
13-Sep-2022 20:56:45.792 INFO [http-nio-8080-exec-207] org.apache.catalina.core.ApplicationContext.log Destroying Spring FrameworkServlet 'dispatcher'
13-Sep-2022 20:56:45.799 INFO [http-nio-8080-exec-207] org.apache.catalina.core.ApplicationContext.log Closing Spring root WebApplicationContext
13-Sep-2022 20:57:18.556 INFO [http-nio-8080-exec-207] org.apache.catalina.core.ApplicationContext.log No Spring WebApplicationInitializer types detected on classpath
13-Sep-2022 20:57:18.663 INFO [http-nio-8080-exec-207] org.apache.catalina.core.ApplicationContext.log Initializing Spring root WebApplicationContext
13-Sep-2022 20:57:20.671 INFO [http-nio-8080-exec-207] org.apache.catalina.core.ApplicationContext.log Initializing Spring DispatcherServlet 'dispatcher'
13-Sep-2022 20:57:22.743 INFO [http-nio-8080-exec-212] org.apache.catalina.core.ApplicationContext.log Destroying Spring FrameworkServlet 'dispatcher'
13-Sep-2022 20:57:22.751 INFO [http-nio-8080-exec-212] org.apache.catalina.core.ApplicationContext.log Closing Spring root WebApplicationContext
13-Sep-2022 20:57:52.905 INFO [http-nio-8080-exec-212] org.apache.catalina.core.ApplicationContext.log No Spring WebApplicationInitializer types detected on classpath
13-Sep-2022 20:57:52.957 INFO [http-nio-8080-exec-212] org.apache.catalina.core.ApplicationContext.log Initializing Spring root WebApplicationContext
13-Sep-2022 20:57:54.705 INFO [http-nio-8080-exec-212] org.apache.catalina.core.ApplicationContext.log Initializing Spring DispatcherServlet 'dispatcher'
13-Sep-2022 20:59:34.867 INFO [http-nio-8080-exec-220] org.apache.catalina.core.ApplicationContext.log Destroying Spring FrameworkServlet 'dispatcher'
13-Sep-2022 20:59:34.873 INFO [http-nio-8080-exec-220] org.apache.catalina.core.ApplicationContext.log Closing Spring root WebApplicationContext
13-Sep-2022 21:00:01.961 INFO [http-nio-8080-exec-220] org.apache.catalina.core.ApplicationContext.log No Spring WebApplicationInitializer types detected on classpath
13-Sep-2022 21:00:02.080 INFO [http-nio-8080-exec-220] org.apache.catalina.core.ApplicationContext.log Initializing Spring root WebApplicationContext
13-Sep-2022 21:00:05.030 INFO [http-nio-8080-exec-220] org.apache.catalina.core.ApplicationContext.log Initializing Spring DispatcherServlet 'dispatcher'
13-Sep-2022 21:05:13.824 INFO [http-nio-8080-exec-224] org.apache.catalina.core.ApplicationContext.log Destroying Spring FrameworkServlet 'dispatcher'
13-Sep-2022 21:05:13.831 INFO [http-nio-8080-exec-224] org.apache.catalina.core.ApplicationContext.log Closing Spring root WebApplicationContext
13-Sep-2022 21:05:55.205 INFO [http-nio-8080-exec-224] org.apache.catalina.core.ApplicationContext.log No Spring WebApplicationInitializer types detected on classpath
13-Sep-2022 21:05:55.506 INFO [http-nio-8080-exec-224] org.apache.catalina.core.ApplicationContext.log Initializing Spring root WebApplicationContext
13-Sep-2022 21:05:59.645 INFO [http-nio-8080-exec-224] org.apache.catalina.core.ApplicationContext.log Initializing Spring DispatcherServlet 'dispatcher'
13-Sep-2022 21:18:24.192 INFO [http-nio-8080-exec-234] org.apache.catalina.core.ApplicationContext.log Destroying Spring FrameworkServlet 'dispatcher'
13-Sep-2022 21:18:24.213 INFO [http-nio-8080-exec-234] org.apache.catalina.core.ApplicationContext.log Closing Spring root WebApplicationContext
13-Sep-2022 21:18:57.966 INFO [http-nio-8080-exec-234] org.apache.catalina.core.ApplicationContext.log No Spring WebApplicationInitializer types detected on classpath
13-Sep-2022 21:18:58.077 INFO [http-nio-8080-exec-234] org.apache.catalina.core.ApplicationContext.log Initializing Spring root WebApplicationContext
13-Sep-2022 21:19:01.183 INFO [http-nio-8080-exec-234] org.apache.catalina.core.ApplicationContext.log Initializing Spring DispatcherServlet 'dispatcher'
13-Sep-2022 21:24:33.125 INFO [http-nio-8080-exec-249] org.apache.catalina.core.ApplicationContext.log Destroying Spring FrameworkServlet 'dispatcher'
13-Sep-2022 21:24:33.129 INFO [http-nio-8080-exec-249] org.apache.catalina.core.ApplicationContext.log Closing Spring root WebApplicationContext
13-Sep-2022 21:24:57.865 INFO [http-nio-8080-exec-249] org.apache.catalina.core.ApplicationContext.log No Spring WebApplicationInitializer types detected on classpath
13-Sep-2022 21:24:57.908 INFO [http-nio-8080-exec-249] org.apache.catalina.core.ApplicationContext.log Initializing Spring root WebApplicationContext
13-Sep-2022 21:24:59.069 INFO [http-nio-8080-exec-249] org.apache.catalina.core.ApplicationContext.log Initializing Spring DispatcherServlet 'dispatcher'
13-Sep-2022 22:11:47.830 INFO [http-nio-8080-exec-251] org.apache.catalina.core.ApplicationContext.log Destroying Spring FrameworkServlet 'dispatcher'
13-Sep-2022 22:11:47.848 INFO [http-nio-8080-exec-251] org.apache.catalina.core.ApplicationContext.log Closing Spring root WebApplicationContext
13-Sep-2022 22:12:08.491 INFO [http-nio-8080-exec-251] org.apache.catalina.core.ApplicationContext.log No Spring WebApplicationInitializer types detected on classpath
13-Sep-2022 22:12:08.608 INFO [http-nio-8080-exec-251] org.apache.catalina.core.ApplicationContext.log Initializing Spring root WebApplicationContext
13-Sep-2022 22:12:10.981 INFO [http-nio-8080-exec-251] org.apache.catalina.core.ApplicationContext.log Initializing Spring DispatcherServlet 'dispatcher'
13-Sep-2022 22:12:12.570 INFO [http-nio-8080-exec-261] org.apache.catalina.core.ApplicationContext.log Destroying Spring FrameworkServlet 'dispatcher'
13-Sep-2022 22:12:12.576 INFO [http-nio-8080-exec-261] org.apache.catalina.core.ApplicationContext.log Closing Spring root WebApplicationContext
13-Sep-2022 22:12:32.272 INFO [http-nio-8080-exec-261] org.apache.catalina.core.ApplicationContext.log No Spring WebApplicationInitializer types detected on classpath
13-Sep-2022 22:12:32.330 INFO [http-nio-8080-exec-261] org.apache.catalina.core.ApplicationContext.log Initializing Spring root WebApplicationContext
13-Sep-2022 22:12:33.572 INFO [http-nio-8080-exec-261] org.apache.catalina.core.ApplicationContext.log Initializing Spring DispatcherServlet 'dispatcher'
13-Sep-2022 22:28:40.296 INFO [http-nio-8080-exec-266] org.apache.catalina.core.ApplicationContext.log Destroying Spring FrameworkServlet 'dispatcher'
13-Sep-2022 22:28:40.302 INFO [http-nio-8080-exec-266] org.apache.catalina.core.ApplicationContext.log Closing Spring root WebApplicationContext
13-Sep-2022 22:29:06.158 INFO [http-nio-8080-exec-266] org.apache.catalina.core.ApplicationContext.log No Spring WebApplicationInitializer types detected on classpath
13-Sep-2022 22:29:06.200 INFO [http-nio-8080-exec-266] org.apache.catalina.core.ApplicationContext.log Initializing Spring root WebApplicationContext
13-Sep-2022 22:29:08.406 INFO [http-nio-8080-exec-266] org.apache.catalina.core.ApplicationContext.log Initializing Spring DispatcherServlet 'dispatcher'
13-Sep-2022 22:30:32.059 INFO [http-nio-8080-exec-276] org.apache.catalina.core.ApplicationContext.log Destroying Spring FrameworkServlet 'dispatcher'
13-Sep-2022 22:30:32.064 INFO [http-nio-8080-exec-276] org.apache.catalina.core.ApplicationContext.log Closing Spring root WebApplicationContext
13-Sep-2022 22:30:59.202 INFO [http-nio-8080-exec-276] org.apache.catalina.core.ApplicationContext.log No Spring WebApplicationInitializer types detected on classpath
13-Sep-2022 22:30:59.274 INFO [http-nio-8080-exec-276] org.apache.catalina.core.ApplicationContext.log Initializing Spring root WebApplicationContext
13-Sep-2022 22:31:01.091 INFO [http-nio-8080-exec-276] org.apache.catalina.core.ApplicationContext.log Initializing Spring DispatcherServlet 'dispatcher'
13-Sep-2022 22:31:03.866 INFO [http-nio-8080-exec-271] org.apache.catalina.core.ApplicationContext.log Destroying Spring FrameworkServlet 'dispatcher'
13-Sep-2022 22:31:03.872 INFO [http-nio-8080-exec-271] org.apache.catalina.core.ApplicationContext.log Closing Spring root WebApplicationContext
13-Sep-2022 22:31:27.895 INFO [http-nio-8080-exec-271] org.apache.catalina.core.ApplicationContext.log No Spring WebApplicationInitializer types detected on classpath
13-Sep-2022 22:31:27.938 INFO [http-nio-8080-exec-271] org.apache.catalina.core.ApplicationContext.log Initializing Spring root WebApplicationContext
13-Sep-2022 22:31:29.170 INFO [http-nio-8080-exec-271] org.apache.catalina.core.ApplicationContext.log Initializing Spring DispatcherServlet 'dispatcher'
13-Sep-2022 22:44:35.847 INFO [http-nio-8080-exec-280] org.apache.catalina.core.ApplicationContext.log Destroying Spring FrameworkServlet 'dispatcher'
13-Sep-2022 22:44:35.853 INFO [http-nio-8080-exec-280] org.apache.catalina.core.ApplicationContext.log Closing Spring root WebApplicationContext
13-Sep-2022 22:45:04.135 INFO [http-nio-8080-exec-280] org.apache.catalina.core.ApplicationContext.log No Spring WebApplicationInitializer types detected on classpath
13-Sep-2022 22:45:04.181 INFO [http-nio-8080-exec-280] org.apache.catalina.core.ApplicationContext.log Initializing Spring root WebApplicationContext
13-Sep-2022 22:45:05.624 INFO [http-nio-8080-exec-280] org.apache.catalina.core.ApplicationContext.log Initializing Spring DispatcherServlet 'dispatcher'
13-Sep-2022 22:45:08.763 INFO [http-nio-8080-exec-287] org.apache.catalina.core.ApplicationContext.log Destroying Spring FrameworkServlet 'dispatcher'
13-Sep-2022 22:45:08.768 INFO [http-nio-8080-exec-287] org.apache.catalina.core.ApplicationContext.log Closing Spring root WebApplicationContext
13-Sep-2022 22:45:35.537 INFO [http-nio-8080-exec-287] org.apache.catalina.core.ApplicationContext.log No Spring WebApplicationInitializer types detected on classpath
13-Sep-2022 22:45:35.616 INFO [http-nio-8080-exec-287] org.apache.catalina.core.ApplicationContext.log Initializing Spring root WebApplicationContext
13-Sep-2022 22:45:37.138 INFO [http-nio-8080-exec-287] org.apache.catalina.core.ApplicationContext.log Initializing Spring DispatcherServlet 'dispatcher'
13-Sep-2022 22:54:08.225 INFO [http-nio-8080-exec-292] org.apache.catalina.core.ApplicationContext.log Destroying Spring FrameworkServlet 'dispatcher'
13-Sep-2022 22:54:08.230 INFO [http-nio-8080-exec-292] org.apache.catalina.core.ApplicationContext.log Closing Spring root WebApplicationContext
13-Sep-2022 22:54:33.406 INFO [http-nio-8080-exec-292] org.apache.catalina.core.ApplicationContext.log No Spring WebApplicationInitializer types detected on classpath
13-Sep-2022 22:54:33.522 INFO [http-nio-8080-exec-292] org.apache.catalina.core.ApplicationContext.log Initializing Spring root WebApplicationContext
13-Sep-2022 22:54:36.242 INFO [http-nio-8080-exec-292] org.apache.catalina.core.ApplicationContext.log Initializing Spring DispatcherServlet 'dispatcher'
13-Sep-2022 22:54:38.143 INFO [http-nio-8080-exec-299] org.apache.catalina.core.ApplicationContext.log Destroying Spring FrameworkServlet 'dispatcher'
13-Sep-2022 22:54:38.146 INFO [http-nio-8080-exec-299] org.apache.catalina.core.ApplicationContext.log Closing Spring root WebApplicationContext
13-Sep-2022 22:54:59.485 INFO [http-nio-8080-exec-299] org.apache.catalina.core.ApplicationContext.log No Spring WebApplicationInitializer types detected on classpath
13-Sep-2022 22:54:59.535 INFO [http-nio-8080-exec-299] org.apache.catalina.core.ApplicationContext.log Initializing Spring root WebApplicationContext
13-Sep-2022 22:55:00.759 INFO [http-nio-8080-exec-299] org.apache.catalina.core.ApplicationContext.log Initializing Spring DispatcherServlet 'dispatcher'
13-Sep-2022 22:55:48.646 INFO [http-nio-8080-exec-307] org.apache.catalina.core.ApplicationContext.log Destroying Spring FrameworkServlet 'dispatcher'
13-Sep-2022 22:55:48.659 INFO [http-nio-8080-exec-307] org.apache.catalina.core.ApplicationContext.log Closing Spring root WebApplicationContext
13-Sep-2022 22:56:14.046 INFO [http-nio-8080-exec-307] org.apache.catalina.core.ApplicationContext.log No Spring WebApplicationInitializer types detected on classpath
13-Sep-2022 22:56:14.108 INFO [http-nio-8080-exec-307] org.apache.catalina.core.ApplicationContext.log Initializing Spring root WebApplicationContext
13-Sep-2022 22:56:15.568 INFO [http-nio-8080-exec-307] org.apache.catalina.core.ApplicationContext.log Initializing Spring DispatcherServlet 'dispatcher'
13-Sep-2022 22:56:41.408 INFO [http-nio-8080-exec-304] org.apache.catalina.core.ApplicationContext.log Destroying Spring FrameworkServlet 'dispatcher'
13-Sep-2022 22:56:41.418 INFO [http-nio-8080-exec-304] org.apache.catalina.core.ApplicationContext.log Closing Spring root WebApplicationContext
13-Sep-2022 22:57:19.923 INFO [http-nio-8080-exec-304] org.apache.catalina.core.ApplicationContext.log No Spring WebApplicationInitializer types detected on classpath
13-Sep-2022 22:57:19.970 INFO [http-nio-8080-exec-304] org.apache.catalina.core.ApplicationContext.log Initializing Spring root WebApplicationContext
13-Sep-2022 22:57:21.263 INFO [http-nio-8080-exec-304] org.apache.catalina.core.ApplicationContext.log Initializing Spring DispatcherServlet 'dispatcher'
13-Sep-2022 22:57:23.526 INFO [http-nio-8080-exec-308] org.apache.catalina.core.ApplicationContext.log Destroying Spring FrameworkServlet 'dispatcher'
13-Sep-2022 22:57:23.536 INFO [http-nio-8080-exec-308] org.apache.catalina.core.ApplicationContext.log Closing Spring root WebApplicationContext
13-Sep-2022 22:57:54.234 INFO [http-nio-8080-exec-308] org.apache.catalina.core.ApplicationContext.log No Spring WebApplicationInitializer types detected on classpath
13-Sep-2022 22:57:54.290 INFO [http-nio-8080-exec-308] org.apache.catalina.core.ApplicationContext.log Initializing Spring root WebApplicationContext
13-Sep-2022 22:57:55.581 INFO [http-nio-8080-exec-308] org.apache.catalina.core.ApplicationContext.log Initializing Spring DispatcherServlet 'dispatcher'
13-Sep-2022 23:13:44.776 INFO [http-nio-8080-exec-314] org.apache.catalina.core.ApplicationContext.log Destroying Spring FrameworkServlet 'dispatcher'
13-Sep-2022 23:13:44.783 INFO [http-nio-8080-exec-314] org.apache.catalina.core.ApplicationContext.log Closing Spring root WebApplicationContext
13-Sep-2022 23:14:13.178 INFO [http-nio-8080-exec-314] org.apache.catalina.core.ApplicationContext.log No Spring WebApplicationInitializer types detected on classpath
13-Sep-2022 23:14:13.223 INFO [http-nio-8080-exec-314] org.apache.catalina.core.ApplicationContext.log Initializing Spring root WebApplicationContext
13-Sep-2022 23:14:14.528 INFO [http-nio-8080-exec-314] org.apache.catalina.core.ApplicationContext.log Initializing Spring DispatcherServlet 'dispatcher'
13-Sep-2022 23:15:05.299 INFO [http-nio-8080-exec-323] org.apache.catalina.core.ApplicationContext.log Destroying Spring FrameworkServlet 'dispatcher'
13-Sep-2022 23:15:05.305 INFO [http-nio-8080-exec-323] org.apache.catalina.core.ApplicationContext.log Closing Spring root WebApplicationContext
13-Sep-2022 23:15:35.983 INFO [http-nio-8080-exec-323] org.apache.catalina.core.ApplicationContext.log No Spring WebApplicationInitializer types detected on classpath
13-Sep-2022 23:15:36.084 INFO [http-nio-8080-exec-323] org.apache.catalina.core.ApplicationContext.log Initializing Spring root WebApplicationContext
13-Sep-2022 23:15:37.945 INFO [http-nio-8080-exec-323] org.apache.catalina.core.ApplicationContext.log Initializing Spring DispatcherServlet 'dispatcher'
13-Sep-2022 23:15:39.639 INFO [http-nio-8080-exec-324] org.apache.catalina.core.ApplicationContext.log Destroying Spring FrameworkServlet 'dispatcher'
13-Sep-2022 23:15:39.645 INFO [http-nio-8080-exec-324] org.apache.catalina.core.ApplicationContext.log Closing Spring root WebApplicationContext
13-Sep-2022 23:16:06.475 INFO [http-nio-8080-exec-324] org.apache.catalina.core.ApplicationContext.log No Spring WebApplicationInitializer types detected on classpath
13-Sep-2022 23:16:06.574 INFO [http-nio-8080-exec-324] org.apache.catalina.core.ApplicationContext.log Initializing Spring root WebApplicationContext
13-Sep-2022 23:16:08.139 INFO [http-nio-8080-exec-324] org.apache.catalina.core.ApplicationContext.log Initializing Spring DispatcherServlet 'dispatcher'
13-Sep-2022 23:16:09.575 INFO [http-nio-8080-exec-316] org.apache.catalina.core.ApplicationContext.log Destroying Spring FrameworkServlet 'dispatcher'
13-Sep-2022 23:16:09.581 INFO [http-nio-8080-exec-316] org.apache.catalina.core.ApplicationContext.log Closing Spring root WebApplicationContext
13-Sep-2022 23:16:38.244 INFO [http-nio-8080-exec-316] org.apache.catalina.core.ApplicationContext.log No Spring WebApplicationInitializer types detected on classpath
13-Sep-2022 23:16:38.295 INFO [http-nio-8080-exec-316] org.apache.catalina.core.ApplicationContext.log Initializing Spring root WebApplicationContext
13-Sep-2022 23:16:40.949 INFO [http-nio-8080-exec-316] org.apache.catalina.core.ApplicationContext.log Initializing Spring DispatcherServlet 'dispatcher'
13-Sep-2022 23:28:49.084 INFO [http-nio-8080-exec-333] org.apache.catalina.core.ApplicationContext.log Destroying Spring FrameworkServlet 'dispatcher'
13-Sep-2022 23:28:49.091 INFO [http-nio-8080-exec-333] org.apache.catalina.core.ApplicationContext.log Closing Spring root WebApplicationContext
13-Sep-2022 23:29:25.877 INFO [http-nio-8080-exec-333] org.apache.catalina.core.ApplicationContext.log No Spring WebApplicationInitializer types detected on classpath
13-Sep-2022 23:29:25.931 INFO [http-nio-8080-exec-333] org.apache.catalina.core.ApplicationContext.log Initializing Spring root WebApplicationContext
13-Sep-2022 23:29:27.144 INFO [http-nio-8080-exec-333] org.apache.catalina.core.ApplicationContext.log Initializing Spring DispatcherServlet 'dispatcher'
13-Sep-2022 23:29:29.296 INFO [http-nio-8080-exec-338] org.apache.catalina.core.ApplicationContext.log Destroying Spring FrameworkServlet 'dispatcher'
13-Sep-2022 23:29:29.306 INFO [http-nio-8080-exec-338] org.apache.catalina.core.ApplicationContext.log Closing Spring root WebApplicationContext
13-Sep-2022 23:29:55.133 INFO [http-nio-8080-exec-338] org.apache.catalina.core.ApplicationContext.log No Spring WebApplicationInitializer types detected on classpath
13-Sep-2022 23:29:55.185 INFO [http-nio-8080-exec-338] org.apache.catalina.core.ApplicationContext.log Initializing Spring root WebApplicationContext
13-Sep-2022 23:29:56.660 INFO [http-nio-8080-exec-338] org.apache.catalina.core.ApplicationContext.log Initializing Spring DispatcherServlet 'dispatcher'
13-Sep-2022 23:31:03.314 INFO [http-nio-8080-exec-346] org.apache.catalina.core.ApplicationContext.log Destroying Spring FrameworkServlet 'dispatcher'
13-Sep-2022 23:31:03.324 INFO [http-nio-8080-exec-346] org.apache.catalina.core.ApplicationContext.log Closing Spring root WebApplicationContext
13-Sep-2022 23:31:35.811 INFO [http-nio-8080-exec-346] org.apache.catalina.core.ApplicationContext.log No Spring WebApplicationInitializer types detected on classpath
13-Sep-2022 23:31:35.860 INFO [http-nio-8080-exec-346] org.apache.catalina.core.ApplicationContext.log Initializing Spring root WebApplicationContext
13-Sep-2022 23:31:38.071 INFO [http-nio-8080-exec-346] org.apache.catalina.core.ApplicationContext.log Initializing Spring DispatcherServlet 'dispatcher'
13-Sep-2022 23:31:40.671 INFO [http-nio-8080-exec-347] org.apache.catalina.core.ApplicationContext.log Destroying Spring FrameworkServlet 'dispatcher'
13-Sep-2022 23:31:40.679 INFO [http-nio-8080-exec-347] org.apache.catalina.core.ApplicationContext.log Closing Spring root WebApplicationContext
13-Sep-2022 23:32:09.498 INFO [http-nio-8080-exec-347] org.apache.catalina.core.ApplicationContext.log No Spring WebApplicationInitializer types detected on classpath
13-Sep-2022 23:32:09.544 INFO [http-nio-8080-exec-347] org.apache.catalina.core.ApplicationContext.log Initializing Spring root WebApplicationContext
13-Sep-2022 23:32:10.747 INFO [http-nio-8080-exec-347] org.apache.catalina.core.ApplicationContext.log Initializing Spring DispatcherServlet 'dispatcher'
