14-Sep-2022 13:54:39.235 INFO [http-nio-8080-exec-353] org.apache.catalina.core.ApplicationContext.log Manager: list: Listing contexts for virtual host 'localhost'
14-Sep-2022 13:56:44.268 INFO [http-nio-8080-exec-357] org.apache.catalina.core.ApplicationContext.log Manager: list: Listing contexts for virtual host 'localhost'
14-Sep-2022 13:56:44.324 INFO [http-nio-8080-exec-351] org.apache.catalina.core.ApplicationContext.log Manager: restart: Reloading web application '/portfolioBackend'
14-Sep-2022 14:01:18.775 INFO [http-nio-8080-exec-362] org.apache.catalina.core.ApplicationContext.log Manager: list: Listing contexts for virtual host 'localhost'
14-Sep-2022 14:01:18.863 INFO [http-nio-8080-exec-361] org.apache.catalina.core.ApplicationContext.log Manager: restart: Reloading web application '/portfolioBackend'
14-Sep-2022 14:03:21.570 INFO [http-nio-8080-exec-367] org.apache.catalina.core.ApplicationContext.log Manager: list: Listing contexts for virtual host 'localhost'
14-Sep-2022 14:03:22.109 INFO [http-nio-8080-exec-358] org.apache.catalina.core.ApplicationContext.log Manager: list: Listing contexts for virtual host 'localhost'
14-Sep-2022 14:04:40.759 INFO [http-nio-8080-exec-372] org.apache.catalina.core.ApplicationContext.log Manager: list: Listing contexts for virtual host 'localhost'
14-Sep-2022 14:12:35.599 INFO [http-nio-8080-exec-369] org.apache.catalina.core.ApplicationContext.log Manager: list: Listing contexts for virtual host 'localhost'
14-Sep-2022 14:24:32.053 INFO [http-nio-8080-exec-377] org.apache.catalina.core.ApplicationContext.log Manager: list: Listing contexts for virtual host 'localhost'
14-Sep-2022 14:24:57.832 INFO [http-nio-8080-exec-375] org.apache.catalina.core.ApplicationContext.log Manager: list: Listing contexts for virtual host 'localhost'
14-Sep-2022 14:24:57.914 INFO [http-nio-8080-exec-373] org.apache.catalina.core.ApplicationContext.log Manager: restart: Reloading web application '/portfolioBackend'
14-Sep-2022 14:25:02.484 INFO [http-nio-8080-exec-370] org.apache.catalina.core.ApplicationContext.log Manager: list: Listing contexts for virtual host 'localhost'
14-Sep-2022 14:25:02.492 INFO [http-nio-8080-exec-369] org.apache.catalina.core.ApplicationContext.log Manager: list: Listing contexts for virtual host 'localhost'
14-Sep-2022 14:25:30.947 INFO [http-nio-8080-exec-369] org.apache.catalina.core.ApplicationContext.log Manager: restart: Reloading web application '/portfolioBackend'
14-Sep-2022 14:31:14.565 INFO [http-nio-8080-exec-380] org.apache.catalina.core.ApplicationContext.log Manager: list: Listing contexts for virtual host 'localhost'
14-Sep-2022 14:31:15.074 INFO [http-nio-8080-exec-387] org.apache.catalina.core.ApplicationContext.log Manager: restart: Reloading web application '/portfolioBackend'
14-Sep-2022 14:31:52.088 INFO [http-nio-8080-exec-389] org.apache.catalina.core.ApplicationContext.log Manager: list: Listing contexts for virtual host 'localhost'
14-Sep-2022 14:31:52.152 INFO [http-nio-8080-exec-381] org.apache.catalina.core.ApplicationContext.log Manager: restart: Reloading web application '/portfolioBackend'
14-Sep-2022 14:34:03.719 INFO [http-nio-8080-exec-393] org.apache.catalina.core.ApplicationContext.log Manager: list: Listing contexts for virtual host 'localhost'
14-Sep-2022 14:34:06.427 INFO [http-nio-8080-exec-394] org.apache.catalina.core.ApplicationContext.log Manager: list: Listing contexts for virtual host 'localhost'
14-Sep-2022 14:34:06.509 INFO [http-nio-8080-exec-392] org.apache.catalina.core.ApplicationContext.log Manager: restart: Reloading web application '/portfolioBackend'
14-Sep-2022 14:34:16.369 INFO [http-nio-8080-exec-389] org.apache.catalina.core.ApplicationContext.log Manager: list: Listing contexts for virtual host 'localhost'
14-Sep-2022 14:34:16.375 INFO [http-nio-8080-exec-397] org.apache.catalina.core.ApplicationContext.log Manager: list: Listing contexts for virtual host 'localhost'
14-Sep-2022 14:34:39.084 INFO [http-nio-8080-exec-391] org.apache.catalina.core.ApplicationContext.log Manager: restart: Reloading web application '/portfolioBackend'
14-Sep-2022 14:36:30.842 INFO [http-nio-8080-exec-404] org.apache.catalina.core.ApplicationContext.log Manager: list: Listing contexts for virtual host 'localhost'
14-Sep-2022 14:36:30.909 INFO [http-nio-8080-exec-405] org.apache.catalina.core.ApplicationContext.log Manager: restart: Reloading web application '/portfolioBackend'
14-Sep-2022 14:36:35.947 INFO [http-nio-8080-exec-408] org.apache.catalina.core.ApplicationContext.log Manager: list: Listing contexts for virtual host 'localhost'
14-Sep-2022 14:36:35.957 INFO [http-nio-8080-exec-409] org.apache.catalina.core.ApplicationContext.log Manager: list: Listing contexts for virtual host 'localhost'
14-Sep-2022 14:37:02.092 INFO [http-nio-8080-exec-409] org.apache.catalina.core.ApplicationContext.log Manager: restart: Reloading web application '/portfolioBackend'
14-Sep-2022 14:43:24.066 INFO [http-nio-8080-exec-418] org.apache.catalina.core.ApplicationContext.log Manager: list: Listing contexts for virtual host 'localhost'
14-Sep-2022 14:43:31.746 INFO [http-nio-8080-exec-411] org.apache.catalina.core.ApplicationContext.log Manager: list: Listing contexts for virtual host 'localhost'
14-Sep-2022 14:43:31.751 INFO [http-nio-8080-exec-413] org.apache.catalina.core.ApplicationContext.log Manager: list: Listing contexts for virtual host 'localhost'
14-Sep-2022 14:43:47.840 INFO [http-nio-8080-exec-418] org.apache.catalina.core.ApplicationContext.log Manager: list: Listing contexts for virtual host 'localhost'
14-Sep-2022 14:43:47.849 INFO [http-nio-8080-exec-419] org.apache.catalina.core.ApplicationContext.log Manager: list: Listing contexts for virtual host 'localhost'
14-Sep-2022 14:44:27.279 INFO [http-nio-8080-exec-419] org.apache.catalina.core.ApplicationContext.log Manager: list: Listing contexts for virtual host 'localhost'
14-Sep-2022 14:44:27.411 INFO [http-nio-8080-exec-420] org.apache.catalina.core.ApplicationContext.log Manager: restart: Reloading web application '/portfolioBackend'
14-Sep-2022 14:44:33.929 INFO [http-nio-8080-exec-415] org.apache.catalina.core.ApplicationContext.log Manager: list: Listing contexts for virtual host 'localhost'
14-Sep-2022 14:44:33.943 INFO [http-nio-8080-exec-421] org.apache.catalina.core.ApplicationContext.log Manager: list: Listing contexts for virtual host 'localhost'
14-Sep-2022 14:45:06.033 INFO [http-nio-8080-exec-421] org.apache.catalina.core.ApplicationContext.log Manager: restart: Reloading web application '/portfolioBackend'
14-Sep-2022 15:07:14.972 INFO [http-nio-8080-exec-424] org.apache.catalina.core.ApplicationContext.log Manager: list: Listing contexts for virtual host 'localhost'
14-Sep-2022 15:07:15.046 INFO [http-nio-8080-exec-425] org.apache.catalina.core.ApplicationContext.log Manager: restart: Reloading web application '/portfolioBackend'
14-Sep-2022 15:07:32.400 INFO [http-nio-8080-exec-427] org.apache.catalina.core.ApplicationContext.log Manager: list: Listing contexts for virtual host 'localhost'
14-Sep-2022 15:07:32.404 INFO [http-nio-8080-exec-433] org.apache.catalina.core.ApplicationContext.log Manager: list: Listing contexts for virtual host 'localhost'
14-Sep-2022 15:07:42.246 INFO [http-nio-8080-exec-433] org.apache.catalina.core.ApplicationContext.log Manager: restart: Reloading web application '/portfolioBackend'
14-Sep-2022 15:07:42.634 INFO [http-nio-8080-exec-427] org.apache.catalina.core.ApplicationContext.log Manager: list: Listing contexts for virtual host 'localhost'
14-Sep-2022 15:08:13.051 INFO [http-nio-8080-exec-431] org.apache.catalina.core.ApplicationContext.log Manager: restart: Reloading web application '/portfolioBackend'
14-Sep-2022 15:14:08.323 INFO [http-nio-8080-exec-437] org.apache.catalina.core.ApplicationContext.log Manager: list: Listing contexts for virtual host 'localhost'
14-Sep-2022 15:14:08.389 INFO [http-nio-8080-exec-438] org.apache.catalina.core.ApplicationContext.log Manager: restart: Reloading web application '/portfolioBackend'
14-Sep-2022 15:15:09.057 INFO [http-nio-8080-exec-443] org.apache.catalina.core.ApplicationContext.log Manager: list: Listing contexts for virtual host 'localhost'
14-Sep-2022 15:15:14.653 INFO [http-nio-8080-exec-445] org.apache.catalina.core.ApplicationContext.log Manager: list: Listing contexts for virtual host 'localhost'
14-Sep-2022 15:15:14.658 INFO [http-nio-8080-exec-444] org.apache.catalina.core.ApplicationContext.log Manager: list: Listing contexts for virtual host 'localhost'
14-Sep-2022 15:15:16.624 INFO [http-nio-8080-exec-445] org.apache.catalina.core.ApplicationContext.log Manager: restart: Reloading web application '/portfolioBackend'
14-Sep-2022 15:16:11.620 INFO [http-nio-8080-exec-439] org.apache.catalina.core.ApplicationContext.log Manager: list: Listing contexts for virtual host 'localhost'
14-Sep-2022 15:16:15.171 INFO [http-nio-8080-exec-452] org.apache.catalina.core.ApplicationContext.log Manager: list: Listing contexts for virtual host 'localhost'
14-Sep-2022 15:16:15.175 INFO [http-nio-8080-exec-446] org.apache.catalina.core.ApplicationContext.log Manager: list: Listing contexts for virtual host 'localhost'
14-Sep-2022 15:17:09.965 INFO [http-nio-8080-exec-457] org.apache.catalina.core.ApplicationContext.log Manager: list: Listing contexts for virtual host 'localhost'
14-Sep-2022 15:17:49.660 INFO [http-nio-8080-exec-450] org.apache.catalina.core.ApplicationContext.log Manager: list: Listing contexts for virtual host 'localhost'
14-Sep-2022 15:20:22.624 INFO [http-nio-8080-exec-453] org.apache.catalina.core.ApplicationContext.log Manager: list: Listing contexts for virtual host 'localhost'
14-Sep-2022 15:20:22.704 INFO [http-nio-8080-exec-454] org.apache.catalina.core.ApplicationContext.log Manager: undeploy: Undeploying web application at '/portfolioBackend'
14-Sep-2022 15:21:38.186 INFO [http-nio-8080-exec-450] org.apache.catalina.core.ApplicationContext.log Manager: list: Listing contexts for virtual host 'localhost'
14-Sep-2022 15:21:38.198 INFO [http-nio-8080-exec-462] org.apache.catalina.core.ApplicationContext.log Manager: list: Listing contexts for virtual host 'localhost'
14-Sep-2022 15:21:38.286 INFO [http-nio-8080-exec-452] org.apache.catalina.core.ApplicationContext.log Manager: install: Installing context configuration at 'file:/C:/Users/ramon/AppData/Local/Temp/context11017449454194151357.xml'
14-Sep-2022 15:22:19.493 INFO [http-nio-8080-exec-462] org.apache.catalina.core.ApplicationContext.log Manager: start: Starting web application '/portfolioBackend'
14-Sep-2022 15:23:10.643 INFO [http-nio-8080-exec-461] org.apache.catalina.core.ApplicationContext.log Manager: list: Listing contexts for virtual host 'localhost'
14-Sep-2022 15:23:21.972 INFO [http-nio-8080-exec-466] org.apache.catalina.core.ApplicationContext.log Manager: list: Listing contexts for virtual host 'localhost'
14-Sep-2022 15:23:21.982 INFO [http-nio-8080-exec-459] org.apache.catalina.core.ApplicationContext.log Manager: list: Listing contexts for virtual host 'localhost'
14-Sep-2022 15:23:23.350 INFO [http-nio-8080-exec-467] org.apache.catalina.core.ApplicationContext.log Manager: list: Listing contexts for virtual host 'localhost'
14-Sep-2022 15:23:42.951 INFO [http-nio-8080-exec-469] org.apache.catalina.core.ApplicationContext.log Manager: list: Listing contexts for virtual host 'localhost'
14-Sep-2022 15:23:42.961 INFO [http-nio-8080-exec-462] org.apache.catalina.core.ApplicationContext.log Manager: list: Listing contexts for virtual host 'localhost'
